#
# A fatal error has been detected by the Java Runtime Environment:
#
#  EXCEPTION_ACCESS_VIOLATION (0xc0000005) at pc=0x5b976c90, pid=4988, tid=0x00001574
#
# JRE version: Java(TM) SE Runtime Environment (8.0_202-b08) (build 1.8.0_202-b08)
# Java VM: Java HotSpot(TM) Client VM (25.202-b08 mixed mode windows-x86 )
# Problematic frame:
# C  0x5b976c90
#
# Failed to write core dump. Minidumps are not enabled by default on client versions of Windows
#
# If you would like to submit a bug report, please visit:
#   http://bugreport.java.com/bugreport/crash.jsp
# The crash happened outside the Java Virtual Machine in native code.
# See problematic frame for where to report the bug.
#

---------------  T H R E A D  ---------------

Current thread (0x25b5d800):  JavaThread "JavaFX Application Thread" [_thread_in_native, id=5492, stack(0x26140000,0x26340000)]

siginfo: ExceptionCode=0xc0000005, writing address 0xbbadbeef

Registers:
EAX=0x5bddc1fc, EBX=0x00000001, ECX=0x4b389a05, EDX=0x61db8350
ESP=0x2633ec50, EBP=0x2633ec70, ESI=0x306012b8, EDI=0x306012a8
EIP=0x5b976c90, EFLAGS=0x00210246

Top of Stack: (sp=0x2633ec50)
0x2633ec50:   5b984890 2fdafd94 30479350 00000000
0x2633ec60:   2633ec98 00000000 2633ec94 00479350
0x2633ec70:   2633ec9c 5b991564 2633ec94 5bddd93c
0x2633ec80:   2633ec98 2fdafd94 2633ed00 2fdafd88
0x2633ec90:   30479354 305ce358 00000000 2633ecd0
0x2633eca0:   5b991065 2633ed00 00000000 ffffffff
0x2633ecb0:   00644b80 5a7db191 305f1310 00000000
0x2633ecc0:   00000004 305f1300 00000000 6d0b76d5 

Instructions: (pc=0x5b976c90)
0x5b976c70:   32 c0 c3 cc cc cc cc cc cc cc cc cc cc cc cc cc
0x5b976c80:   a1 2c e2 8b 5d 85 c0 74 02 ff d0 e8 a0 fe ff ff
0x5b976c90:   c7 05 ef be ad bb 00 00 00 00 33 c0 ff e0 cc cc
0x5b976ca0:   e9 db ff ff ff cc cc cc cc cc cc cc cc cc cc cc 


Register to memory mapping:

EAX=0x5bddc1fc is an unknown value
EBX=0x00000001 is an unknown value
ECX=0x4b389a05 is an unknown value
EDX=0x61db8350 is an unknown value
ESP=0x2633ec50 is pointing into the stack for thread: 0x25b5d800
EBP=0x2633ec70 is pointing into the stack for thread: 0x25b5d800
ESI=0x306012b8 is an unknown value
EDI=0x306012a8 is an unknown value


Stack: [0x26140000,0x26340000],  sp=0x2633ec50,  free space=2043k
Native frames: (J=compiled Java code, j=interpreted, Vv=VM code, C=native code)
C  0x5b976c90
C  0x5b991564
C  0x5b991065
C  0x5b992a00
C  0x5b9921d0
C  0x5a7a4987
C  0x5a79eb41
C  0x5a79f81d
C  0x5a7a4e15
C  0x5a79d4c9
C  0x5a79d627
C  0x5adf0c5f
C  0x5a6b45ac
j  com.sun.webkit.WebPage.collectJSCGarbages()V+21
j  com.sun.webkit.WebPage$$Lambda$1339.dispose()V+0
j  com.sun.webkit.Disposer$WeakDisposerRecord.dispose()V+4
j  com.sun.webkit.Disposer$DisposerRunnable.run()V+65
J 7997 C1 com.sun.javafx.application.PlatformImpl$$Lambda$60.run()Ljava/lang/Object; (8 bytes) @ 0x01d37c38 [0x01d37c10+0x28]
v  ~StubRoutines::call_stub
V  [jvm.dll+0x15c285]
V  [jvm.dll+0x22501e]
V  [jvm.dll+0x15c31e]
V  [jvm.dll+0x10c1ff]
C  [java.dll+0x102f]
J 8030 C1 com.sun.javafx.application.PlatformImpl.lambda$runLater$178(Ljava/lang/Runnable;Ljava/security/AccessControlContext;)V (38 bytes) @ 0x01f5c9d0 [0x01f5c970+0x60]
J 8001 C1 com.sun.javafx.application.PlatformImpl$$Lambda$59.run()V (12 bytes) @ 0x01f5deec [0x01f5dec0+0x2c]
J 8013 C1 com.sun.glass.ui.InvokeLaterDispatcher$Future.run()V (91 bytes) @ 0x01f0ac30 [0x01f0ac00+0x30]
v  ~StubRoutines::call_stub
V  [jvm.dll+0x15c285]
V  [jvm.dll+0x22501e]
V  [jvm.dll+0x15c31e]
V  [jvm.dll+0xddb6b]
V  [jvm.dll+0xe0afc]
C  [glass.dll+0x469c]

Java frames: (J=compiled Java code, j=interpreted, Vv=VM code)
j  com.sun.webkit.WebPage.twkDoJSCGarbageCollection()V+0
j  com.sun.webkit.WebPage.collectJSCGarbages()V+21
j  com.sun.webkit.WebPage$$Lambda$1339.dispose()V+0
j  com.sun.webkit.Disposer$WeakDisposerRecord.dispose()V+4
j  com.sun.webkit.Disposer$DisposerRunnable.run()V+65
J 7997 C1 com.sun.javafx.application.PlatformImpl$$Lambda$60.run()Ljava/lang/Object; (8 bytes) @ 0x01d37c38 [0x01d37c10+0x28]
v  ~StubRoutines::call_stub
J 1486  java.security.AccessController.doPrivileged(Ljava/security/PrivilegedAction;Ljava/security/AccessControlContext;)Ljava/lang/Object; (0 bytes) @ 0x01f0a887 [0x01f0a820+0x67]
J 8030 C1 com.sun.javafx.application.PlatformImpl.lambda$runLater$178(Ljava/lang/Runnable;Ljava/security/AccessControlContext;)V (38 bytes) @ 0x01f5c9d0 [0x01f5c970+0x60]
J 8001 C1 com.sun.javafx.application.PlatformImpl$$Lambda$59.run()V (12 bytes) @ 0x01f5deec [0x01f5dec0+0x2c]
J 8013 C1 com.sun.glass.ui.InvokeLaterDispatcher$Future.run()V (91 bytes) @ 0x01f0ac30 [0x01f0ac00+0x30]
v  ~StubRoutines::call_stub
j  com.sun.glass.ui.win.WinApplication._runLoop(Ljava/lang/Runnable;)V+0
j  com.sun.glass.ui.win.WinApplication.lambda$null$152(ILjava/lang/Runnable;)V+8
j  com.sun.glass.ui.win.WinApplication$$Lambda$40.run()V+12
j  java.lang.Thread.run()V+11
v  ~StubRoutines::call_stub

---------------  P R O C E S S  ---------------

Java Threads: ( => current thread )
  0x25cdbc00 JavaThread "BlueJ compiler thread" [_thread_blocked, id=6364, stack(0x30260000,0x30460000)]
  0x25cd5000 JavaThread "Disposer" daemon [_thread_blocked, id=5200, stack(0x338a0000,0x33aa0000)]
  0x25cdb000 JavaThread "pool-3-thread-4" [_thread_blocked, id=1236, stack(0x2fb60000,0x2fd60000)]
  0x25cda800 JavaThread "pool-3-thread-3" [_thread_blocked, id=3716, stack(0x2f960000,0x2fb60000)]
  0x25cda000 JavaThread "pool-3-thread-2" [_thread_blocked, id=4140, stack(0x2f760000,0x2f960000)]
  0x25cd9c00 JavaThread "pool-3-thread-1" [_thread_blocked, id=3944, stack(0x2f560000,0x2f760000)]
  0x25cd9400 JavaThread "vm-event-handler" [_thread_blocked, id=3920, stack(0x2f000000,0x2f200000)]
  0x25cd9000 JavaThread "BlueJ I/O Handler" [_thread_blocked, id=4448, stack(0x2ee00000,0x2f000000)]
  0x25cd8800 JavaThread "BlueJ I/O Handler" [_thread_in_native, id=4856, stack(0x2ec00000,0x2ee00000)]
  0x25cd8400 JavaThread "BlueJ I/O Handler" [_thread_in_native, id=4128, stack(0x2ea00000,0x2ec00000)]
  0x25cd7c00 JavaThread "JDI Target VM Interface" daemon [_thread_in_native, id=1724, stack(0x2e700000,0x2e900000)]
  0x25cd7400 JavaThread "JDI Internal Event Handler" daemon [_thread_blocked, id=3864, stack(0x2e500000,0x2e700000)]
  0x25cd7000 JavaThread "Timer-0" [_thread_blocked, id=984, stack(0x2e300000,0x2e500000)]
  0x25cd6800 JavaThread "Thread-11" [_thread_blocked, id=4288, stack(0x2cbf0000,0x2cdf0000)]
  0x25cd5c00 JavaThread "AWT-Shutdown" [_thread_blocked, id=5936, stack(0x2abb0000,0x2adb0000)]
  0x25cd5800 JavaThread "TimerQueue" daemon [_thread_blocked, id=5528, stack(0x2a9b0000,0x2abb0000)]
  0x25cd4800 JavaThread "AWT-EventQueue-0" [_thread_blocked, id=1660, stack(0x29650000,0x29850000)]
  0x25ca7400 JavaThread "Prism Font Disposer" daemon [_thread_blocked, id=1536, stack(0x28f10000,0x29110000)]
  0x25b89c00 JavaThread "Thread-5" [_thread_blocked, id=4180, stack(0x26c40000,0x26e40000)]
  0x25bbe400 JavaThread "AWT-Windows" daemon [_thread_in_native, id=4212, stack(0x26a40000,0x26c40000)]
  0x25bb7800 JavaThread "Java2D Disposer" daemon [_thread_blocked, id=4236, stack(0x26640000,0x26840000)]
  0x25b79800 JavaThread "Thread-3" daemon [_thread_in_native, id=5404, stack(0x26340000,0x26540000)]
=>0x25b5d800 JavaThread "JavaFX Application Thread" [_thread_in_native, id=5492, stack(0x26140000,0x26340000)]
  0x25b64400 JavaThread "Thread-2" daemon [_thread_blocked, id=4868, stack(0x25f40000,0x26140000)]
  0x24420000 JavaThread "QuantumRenderer-0" daemon [_thread_blocked, id=5992, stack(0x25720000,0x25920000)]
  0x243e4800 JavaThread "JavaFX-Launcher" [_thread_blocked, id=5056, stack(0x25520000,0x25720000)]
  0x242c3400 JavaThread "Service Thread" daemon [_thread_blocked, id=3780, stack(0x25120000,0x25320000)]
  0x242b7c00 JavaThread "C1 CompilerThread0" daemon [_thread_blocked, id=2452, stack(0x24f20000,0x25120000)]
  0x242c8000 JavaThread "Attach Listener" daemon [_thread_blocked, id=4048, stack(0x24d20000,0x24f20000)]
  0x242c4c00 JavaThread "Signal Dispatcher" daemon [_thread_blocked, id=1688, stack(0x24b20000,0x24d20000)]
  0x242a7800 JavaThread "Finalizer" daemon [_thread_blocked, id=3880, stack(0x24860000,0x24a60000)]
  0x242a2400 JavaThread "Reference Handler" daemon [_thread_blocked, id=2328, stack(0x24660000,0x24860000)]
  0x018cc000 JavaThread "main" [_thread_blocked, id=3260, stack(0x00030000,0x00230000)]

Other Threads:
  0x2427a000 VMThread [stack: 0x24460000,0x24660000] [id=6084]
  0x242bcc00 WatcherThread [stack: 0x25320000,0x25520000] [id=3104]

VM state:not at safepoint (normal execution)

VM Mutex/Monitor currently owned by a thread: None

OutOfMemory and StackOverflow Exception counts:
OutOfMemoryError java_heap_errors=2

Heap:
 def new generation   total 73152K, used 7729K [0x03e00000, 0x08d50000, 0x0e8a0000)
  eden space 65088K,   1% used [0x03e00000, 0x03f45110, 0x07d90000)
  from space 8064K,  79% used [0x08570000, 0x08bb7638, 0x08d50000)
  to   space 8064K,   0% used [0x07d90000, 0x07d90000, 0x08570000)
 tenured generation   total 162284K, used 121258K [0x0e8a0000, 0x1871b000, 0x23e00000)
   the space 162284K,  74% used [0x0e8a0000, 0x15f0abb8, 0x15f0ac00, 0x1871b000)
 Metaspace       used 30380K, capacity 33125K, committed 33152K, reserved 33152K

Card table byte_map: [0x03c50000,0x03d60000] byte_map_base: 0x03c31000

Polling page: 0x002f0000

CodeCache: size=32768Kb used=4821Kb max_used=5966Kb free=27946Kb
 bounds [0x01c50000, 0x02240000, 0x03c50000]
 total_blobs=3666 nmethods=3206 adapters=390
 compilation: enabled

Compilation events (10 events):
Event: 4894.398 Thread 0x242b7c00 31856             org.reactfx.EventStreams$18$$Lambda$1340/6788470::run (8 bytes)
Event: 4894.399 Thread 0x242b7c00 nmethod 31856 0x01cfa248 code [0x01cfa370, 0x01cfa4a4]
Event: 4894.878 Thread 0x242b7c00 31857             java.util.WeakHashMap::entrySet (28 bytes)
Event: 4894.879 Thread 0x242b7c00 nmethod 31857 0x01d05488 code [0x01d05580, 0x01d05660]
Event: 4895.406 Thread 0x242b7c00 31858             org.fxmisc.richtext.CaretNode$$Lambda$1343/29296108::apply (9 bytes)
Event: 4895.407 Thread 0x242b7c00 nmethod 31858 0x01eba048 code [0x01eba140, 0x01eba200]
Event: 4896.940 Thread 0x242b7c00 31859             com.sun.javafx.geom.Rectangle::setBounds (21 bytes)
Event: 4896.941 Thread 0x242b7c00 nmethod 31859 0x01d0bcc8 code [0x01d0bdc0, 0x01d0be60]
Event: 4896.948 Thread 0x242b7c00 31860             com.sun.glass.ui.View::checkNotClosed (20 bytes)
Event: 4896.949 Thread 0x242b7c00 nmethod 31860 0x01ebc808 code [0x01ebc910, 0x01ebca1c]

GC Heap History (10 events):
Event: 4688.351 GC heap before
{Heap before GC invocations=146 (full 20):
 def new generation   total 73152K, used 70940K [0x03e00000, 0x08d50000, 0x0e8a0000)
  eden space 65088K, 100% used [0x03e00000, 0x07d90000, 0x07d90000)
  from space 8064K,  72% used [0x07d90000, 0x083470a8, 0x08570000)
  to   space 8064K,   0% used [0x08570000, 0x08570000, 0x08d50000)
 tenured generation   total 162284K, used 105972K [0x0e8a0000, 0x1871b000, 0x23e00000)
   the space 162284K,  65% used [0x0e8a0000, 0x1501d1a0, 0x1501d200, 0x1871b000)
 Metaspace       used 30333K, capacity 33045K, committed 33152K, reserved 33152K
Event: 4688.402 GC heap after
Heap after GC invocations=147 (full 20):
 def new generation   total 73152K, used 3916K [0x03e00000, 0x08d50000, 0x0e8a0000)
  eden space 65088K,   0% used [0x03e00000, 0x03e00000, 0x07d90000)
  from space 8064K,  48% used [0x08570000, 0x089431c0, 0x08d50000)
  to   space 8064K,   0% used [0x07d90000, 0x07d90000, 0x08570000)
 tenured generation   total 162284K, used 108923K [0x0e8a0000, 0x1871b000, 0x23e00000)
   the space 162284K,  67% used [0x0e8a0000, 0x152feea0, 0x152ff000, 0x1871b000)
 Metaspace       used 30333K, capacity 33045K, committed 33152K, reserved 33152K
}
Event: 4702.767 GC heap before
{Heap before GC invocations=147 (full 20):
 def new generation   total 73152K, used 69004K [0x03e00000, 0x08d50000, 0x0e8a0000)
  eden space 65088K, 100% used [0x03e00000, 0x07d90000, 0x07d90000)
  from space 8064K,  48% used [0x08570000, 0x089431c0, 0x08d50000)
  to   space 8064K,   0% used [0x07d90000, 0x07d90000, 0x08570000)
 tenured generation   total 162284K, used 108923K [0x0e8a0000, 0x1871b000, 0x23e00000)
   the space 162284K,  67% used [0x0e8a0000, 0x152feea0, 0x152ff000, 0x1871b000)
 Metaspace       used 30333K, capacity 33045K, committed 33152K, reserved 33152K
Event: 4702.800 GC heap after
Heap after GC invocations=148 (full 20):
 def new generation   total 73152K, used 6917K [0x03e00000, 0x08d50000, 0x0e8a0000)
  eden space 65088K,   0% used [0x03e00000, 0x03e00000, 0x07d90000)
  from space 8064K,  85% used [0x07d90000, 0x084516d8, 0x08570000)
  to   space 8064K,   0% used [0x08570000, 0x08570000, 0x08d50000)
 tenured generation   total 162284K, used 108923K [0x0e8a0000, 0x1871b000, 0x23e00000)
   the space 162284K,  67% used [0x0e8a0000, 0x152feea0, 0x152ff000, 0x1871b000)
 Metaspace       used 30333K, capacity 33045K, committed 33152K, reserved 33152K
}
Event: 4742.593 GC heap before
{Heap before GC invocations=148 (full 20):
 def new generation   total 73152K, used 72005K [0x03e00000, 0x08d50000, 0x0e8a0000)
  eden space 65088K, 100% used [0x03e00000, 0x07d90000, 0x07d90000)
  from space 8064K,  85% used [0x07d90000, 0x084516f0, 0x08570000)
  to   space 8064K,   0% used [0x08570000, 0x08570000, 0x08d50000)
 tenured generation   total 162284K, used 108923K [0x0e8a0000, 0x1871b000, 0x23e00000)
   the space 162284K,  67% used [0x0e8a0000, 0x152feea0, 0x152ff000, 0x1871b000)
 Metaspace       used 30374K, capacity 33125K, committed 33152K, reserved 33152K
Event: 4767.608 GC heap after
Heap after GC invocations=149 (full 20):
 def new generation   total 73152K, used 8064K [0x03e00000, 0x08d50000, 0x0e8a0000)
  eden space 65088K,   0% used [0x03e00000, 0x03e00000, 0x07d90000)
  from space 8064K, 100% used [0x08570000, 0x08d50000, 0x08d50000)
  to   space 8064K,   0% used [0x07d90000, 0x07d90000, 0x08570000)
 tenured generation   total 162284K, used 113187K [0x0e8a0000, 0x1871b000, 0x23e00000)
   the space 162284K,  69% used [0x0e8a0000, 0x15728f40, 0x15729000, 0x1871b000)
 Metaspace       used 30374K, capacity 33125K, committed 33152K, reserved 33152K
}
Event: 4805.808 GC heap before
{Heap before GC invocations=149 (full 20):
 def new generation   total 73152K, used 73152K [0x03e00000, 0x08d50000, 0x0e8a0000)
  eden space 65088K, 100% used [0x03e00000, 0x07d90000, 0x07d90000)
  from space 8064K, 100% used [0x08570000, 0x08d50000, 0x08d50000)
  to   space 8064K,   0% used [0x07d90000, 0x07d90000, 0x08570000)
 tenured generation   total 162284K, used 113187K [0x0e8a0000, 0x1871b000, 0x23e00000)
   the space 162284K,  69% used [0x0e8a0000, 0x15728f40, 0x15729000, 0x1871b000)
 Metaspace       used 30380K, capacity 33125K, committed 33152K, reserved 33152K
Event: 4821.240 GC heap after
Heap after GC invocations=150 (full 20):
 def new generation   total 73152K, used 4982K [0x03e00000, 0x08d50000, 0x0e8a0000)
  eden space 65088K,   0% used [0x03e00000, 0x03e00000, 0x07d90000)
  from space 8064K,  61% used [0x07d90000, 0x0826d8c8, 0x08570000)
  to   space 8064K,   0% used [0x08570000, 0x08570000, 0x08d50000)
 tenured generation   total 162284K, used 118522K [0x0e8a0000, 0x1871b000, 0x23e00000)
   the space 162284K,  73% used [0x0e8a0000, 0x15c5e8d0, 0x15c5ea00, 0x1871b000)
 Metaspace       used 30380K, capacity 33125K, committed 33152K, reserved 33152K
}
Event: 4898.573 GC heap before
{Heap before GC invocations=150 (full 20):
 def new generation   total 73152K, used 70070K [0x03e00000, 0x08d50000, 0x0e8a0000)
  eden space 65088K, 100% used [0x03e00000, 0x07d90000, 0x07d90000)
  from space 8064K,  61% used [0x07d90000, 0x0826d8c8, 0x08570000)
  to   space 8064K,   0% used [0x08570000, 0x08570000, 0x08d50000)
 tenured generation   total 162284K, used 118522K [0x0e8a0000, 0x1871b000, 0x23e00000)
   the space 162284K,  73% used [0x0e8a0000, 0x15c5e8d0, 0x15c5ea00, 0x1871b000)
 Metaspace       used 30380K, capacity 33125K, committed 33152K, reserved 33152K
Event: 4915.794 GC heap after
Heap after GC invocations=151 (full 20):
 def new generation   total 73152K, used 6429K [0x03e00000, 0x08d50000, 0x0e8a0000)
  eden space 65088K,   0% used [0x03e00000, 0x03e00000, 0x07d90000)
  from space 8064K,  79% used [0x08570000, 0x08bb7638, 0x08d50000)
  to   space 8064K,   0% used [0x07d90000, 0x07d90000, 0x08570000)
 tenured generation   total 162284K, used 121258K [0x0e8a0000, 0x1871b000, 0x23e00000)
   the space 162284K,  74% used [0x0e8a0000, 0x15f0abb8, 0x15f0ac00, 0x1871b000)
 Metaspace       used 30380K, capacity 33125K, committed 33152K, reserved 33152K
}

Deoptimization events (0 events):
No events

Classes redefined (0 events):
No events

Internal exceptions (10 events):
Event: 4730.921 Thread 0x24420000 Exception <a 'java/lang/ArrayIndexOutOfBoundsException'> (0x04b8f000) thrown at [C:\re\workspace\8-2-build-windows-i586-cygwin\jdk8u202\12323\hotspot\src\share\vm\runtime\sharedRuntime.cpp, line 605]
Event: 4731.788 Thread 0x25cdbc00 Exception <a 'java/io/FileNotFoundException'> (0x04f0cf80) thrown at [C:\re\workspace\8-2-build-windows-i586-cygwin\jdk8u202\12323\hotspot\src\share\vm\prims\jni.cpp, line 710]
Event: 4731.791 Thread 0x25cdbc00 Exception <a 'java/io/FileNotFoundException'> (0x04f0e5b8) thrown at [C:\re\workspace\8-2-build-windows-i586-cygwin\jdk8u202\12323\hotspot\src\share\vm\prims\jni.cpp, line 710]
Event: 4732.537 Thread 0x24420000 Exception <a 'java/lang/ArrayIndexOutOfBoundsException'> (0x051d0548) thrown at [C:\re\workspace\8-2-build-windows-i586-cygwin\jdk8u202\12323\hotspot\src\share\vm\runtime\sharedRuntime.cpp, line 605]
Event: 4740.379 Thread 0x24420000 Exception <a 'java/lang/ArrayIndexOutOfBoundsException'> (0x078ad738) thrown at [C:\re\workspace\8-2-build-windows-i586-cygwin\jdk8u202\12323\hotspot\src\share\vm\runtime\sharedRuntime.cpp, line 605]
Event: 4741.366 Thread 0x25cdbc00 Exception <a 'java/io/FileNotFoundException'> (0x0795faf0) thrown at [C:\re\workspace\8-2-build-windows-i586-cygwin\jdk8u202\12323\hotspot\src\share\vm\prims\jni.cpp, line 710]
Event: 4741.368 Thread 0x25cdbc00 Exception <a 'java/io/FileNotFoundException'> (0x07961128) thrown at [C:\re\workspace\8-2-build-windows-i586-cygwin\jdk8u202\12323\hotspot\src\share\vm\prims\jni.cpp, line 710]
Event: 4742.476 Thread 0x24420000 Exception <a 'java/lang/ArrayIndexOutOfBoundsException'> (0x07c2a158) thrown at [C:\re\workspace\8-2-build-windows-i586-cygwin\jdk8u202\12323\hotspot\src\share\vm\runtime\sharedRuntime.cpp, line 605]
Event: 4775.093 Thread 0x24420000 Exception <a 'java/lang/OutOfMemoryError'> (0x06248990) thrown at [C:\re\workspace\8-2-build-windows-i586-cygwin\jdk8u202\12323\hotspot\src\share\vm\prims\unsafe.cpp, line 618]
Event: 4776.199 Thread 0x24420000 Exception <a 'java/lang/OutOfMemoryError'> (0x0626b678) thrown at [C:\re\workspace\8-2-build-windows-i586-cygwin\jdk8u202\12323\hotspot\src\share\vm\prims\unsafe.cpp, line 618]

Events (10 events):
Event: 4892.144 Thread 0x242b7c00 flushing nmethod 0x01e03a08
Event: 4894.402 Thread 0x242b7c00 flushing nmethod 0x01dbae88
Event: 4894.881 Thread 0x242b7c00 flushing nmethod 0x01ef4ec8
Event: 4896.944 Thread 0x242b7c00 flushing nmethod 0x01dabb88
Event: 4896.944 Thread 0x242b7c00 flushing nmethod 0x01dbacc8
Event: 4896.945 Thread 0x242b7c00 flushing nmethod 0x01def5c8
Event: 4896.951 Thread 0x242b7c00 flushing nmethod 0x01ec3cc8
Event: 4896.952 Thread 0x242b7c00 flushing nmethod 0x01f6a148
Event: 4898.572 Executing VM operation: GenCollectForAllocation
Event: 4915.794 Executing VM operation: GenCollectForAllocation done


Dynamic libraries:
0x00400000 - 0x00497000 	C:\Program Files\Greenfoot\Greenfoot.exe
0x774f0000 - 0x77632000 	C:\Windows\SYSTEM32\ntdll.dll
0x76f50000 - 0x77025000 	C:\Windows\system32\kernel32.dll
0x754f0000 - 0x7553b000 	C:\Windows\system32\KERNELBASE.dll
0x77440000 - 0x774e1000 	C:\Windows\system32\ADVAPI32.DLL
0x77300000 - 0x773ac000 	C:\Windows\system32\msvcrt.dll
0x77670000 - 0x77689000 	C:\Windows\SYSTEM32\sechost.dll
0x77690000 - 0x77732000 	C:\Windows\system32\RPCRT4.dll
0x76ba0000 - 0x76c1b000 	C:\Windows\system32\COMDLG32.DLL
0x766f0000 - 0x76747000 	C:\Windows\system32\SHLWAPI.dll
0x77030000 - 0x7707e000 	C:\Windows\system32\GDI32.dll
0x756a0000 - 0x75769000 	C:\Windows\system32\USER32.dll
0x77660000 - 0x7766a000 	C:\Windows\system32\LPK.dll
0x75840000 - 0x758dd000 	C:\Windows\system32\USP10.dll
0x72880000 - 0x72904000 	C:\Windows\WinSxS\x86_microsoft.windows.common-controls_6595b64144ccf1df_5.82.7601.18837_none_ec86b8d6858ec0bc\COMCTL32.dll
0x75a40000 - 0x7668c000 	C:\Windows\system32\SHELL32.dll
0x746f0000 - 0x746f9000 	C:\Windows\system32\VERSION.dll
0x77640000 - 0x7765f000 	C:\Windows\system32\IMM32.DLL
0x75770000 - 0x7583e000 	C:\Windows\system32\MSCTF.dll
0x62280000 - 0x62655000 	C:\Program Files\Greenfoot\jdk\jre\bin\client\jvm.dll
0x72870000 - 0x72877000 	C:\Windows\system32\WSOCK32.dll
0x77080000 - 0x770b5000 	C:\Windows\system32\WS2_32.dll
0x755a0000 - 0x755a6000 	C:\Windows\system32\NSI.dll
0x72440000 - 0x72472000 	C:\Windows\system32\WINMM.dll
0x76b90000 - 0x76b95000 	C:\Windows\system32\PSAPI.DLL
0x628b0000 - 0x6296f000 	C:\Program Files\Greenfoot\jdk\jre\bin\MSVCR100.dll
0x62270000 - 0x6227c000 	C:\Program Files\Greenfoot\jdk\jre\bin\verify.dll
0x62240000 - 0x62261000 	C:\Program Files\Greenfoot\jdk\jre\bin\java.dll
0x62220000 - 0x62234000 	C:\Program Files\Greenfoot\jdk\jre\bin\zip.dll
0x76df0000 - 0x76f4f000 	C:\Windows\system32\ole32.dll
0x75280000 - 0x7528b000 	C:\Windows\system32\profapi.dll
0x62210000 - 0x62213000 	C:\Program Files\Greenfoot\jdk\jre\bin\api-ms-win-core-console-l1-1-0.dll
0x62200000 - 0x62203000 	C:\Program Files\Greenfoot\jdk\jre\bin\api-ms-win-core-datetime-l1-1-0.dll
0x621f0000 - 0x621f3000 	C:\Program Files\Greenfoot\jdk\jre\bin\api-ms-win-core-debug-l1-1-0.dll
0x621b0000 - 0x621b3000 	C:\Program Files\Greenfoot\jdk\jre\bin\api-ms-win-core-errorhandling-l1-1-0.dll
0x621a0000 - 0x621a4000 	C:\Program Files\Greenfoot\jdk\jre\bin\api-ms-win-core-file-l1-1-0.dll
0x62190000 - 0x62193000 	C:\Program Files\Greenfoot\jdk\jre\bin\api-ms-win-core-file-l1-2-0.dll
0x62180000 - 0x62183000 	C:\Program Files\Greenfoot\jdk\jre\bin\api-ms-win-core-file-l2-1-0.dll
0x62170000 - 0x62173000 	C:\Program Files\Greenfoot\jdk\jre\bin\api-ms-win-core-handle-l1-1-0.dll
0x62160000 - 0x62163000 	C:\Program Files\Greenfoot\jdk\jre\bin\api-ms-win-core-heap-l1-1-0.dll
0x62150000 - 0x62153000 	C:\Program Files\Greenfoot\jdk\jre\bin\api-ms-win-core-interlocked-l1-1-0.dll
0x62140000 - 0x62143000 	C:\Program Files\Greenfoot\jdk\jre\bin\api-ms-win-core-libraryloader-l1-1-0.dll
0x62130000 - 0x62133000 	C:\Program Files\Greenfoot\jdk\jre\bin\api-ms-win-core-localization-l1-2-0.dll
0x62120000 - 0x62123000 	C:\Program Files\Greenfoot\jdk\jre\bin\api-ms-win-core-memory-l1-1-0.dll
0x62110000 - 0x62113000 	C:\Program Files\Greenfoot\jdk\jre\bin\api-ms-win-core-namedpipe-l1-1-0.dll
0x62100000 - 0x62103000 	C:\Program Files\Greenfoot\jdk\jre\bin\api-ms-win-core-processenvironment-l1-1-0.dll
0x620f0000 - 0x620f3000 	C:\Program Files\Greenfoot\jdk\jre\bin\api-ms-win-core-processthreads-l1-1-0.dll
0x61f50000 - 0x61f53000 	C:\Program Files\Greenfoot\jdk\jre\bin\api-ms-win-core-processthreads-l1-1-1.dll
0x61f30000 - 0x61f33000 	C:\Program Files\Greenfoot\jdk\jre\bin\api-ms-win-core-profile-l1-1-0.dll
0x61f20000 - 0x61f23000 	C:\Program Files\Greenfoot\jdk\jre\bin\api-ms-win-core-rtlsupport-l1-1-0.dll
0x61f10000 - 0x61f13000 	C:\Program Files\Greenfoot\jdk\jre\bin\api-ms-win-core-string-l1-1-0.dll
0x61f00000 - 0x61f03000 	C:\Program Files\Greenfoot\jdk\jre\bin\api-ms-win-core-synch-l1-1-0.dll
0x61ef0000 - 0x61ef3000 	C:\Program Files\Greenfoot\jdk\jre\bin\api-ms-win-core-synch-l1-2-0.dll
0x61ee0000 - 0x61ee3000 	C:\Program Files\Greenfoot\jdk\jre\bin\api-ms-win-core-sysinfo-l1-1-0.dll
0x61ed0000 - 0x61ed3000 	C:\Program Files\Greenfoot\jdk\jre\bin\api-ms-win-core-timezone-l1-1-0.dll
0x61ec0000 - 0x61ec3000 	C:\Program Files\Greenfoot\jdk\jre\bin\api-ms-win-core-util-l1-1-0.dll
0x61eb0000 - 0x61eb3000 	C:\Program Files\Greenfoot\jdk\jre\bin\api-ms-win-crt-conio-l1-1-0.dll
0x61ea0000 - 0x61ea4000 	C:\Program Files\Greenfoot\jdk\jre\bin\api-ms-win-crt-convert-l1-1-0.dll
0x61e90000 - 0x61e93000 	C:\Program Files\Greenfoot\jdk\jre\bin\api-ms-win-crt-environment-l1-1-0.dll
0x61e80000 - 0x61e83000 	C:\Program Files\Greenfoot\jdk\jre\bin\api-ms-win-crt-filesystem-l1-1-0.dll
0x61e70000 - 0x61e73000 	C:\Program Files\Greenfoot\jdk\jre\bin\api-ms-win-crt-heap-l1-1-0.dll
0x61e60000 - 0x61e63000 	C:\Program Files\Greenfoot\jdk\jre\bin\api-ms-win-crt-locale-l1-1-0.dll
0x61e50000 - 0x61e55000 	C:\Program Files\Greenfoot\jdk\jre\bin\api-ms-win-crt-math-l1-1-0.dll
0x61e40000 - 0x61e45000 	C:\Program Files\Greenfoot\jdk\jre\bin\api-ms-win-crt-multibyte-l1-1-0.dll
0x61e30000 - 0x61e40000 	C:\Program Files\Greenfoot\jdk\jre\bin\api-ms-win-crt-private-l1-1-0.dll
0x61e20000 - 0x61e23000 	C:\Program Files\Greenfoot\jdk\jre\bin\api-ms-win-crt-process-l1-1-0.dll
0x61e10000 - 0x61e14000 	C:\Program Files\Greenfoot\jdk\jre\bin\api-ms-win-crt-runtime-l1-1-0.dll
0x61e00000 - 0x61e04000 	C:\Program Files\Greenfoot\jdk\jre\bin\api-ms-win-crt-stdio-l1-1-0.dll
0x61df0000 - 0x61df4000 	C:\Program Files\Greenfoot\jdk\jre\bin\api-ms-win-crt-string-l1-1-0.dll
0x61de0000 - 0x61de3000 	C:\Program Files\Greenfoot\jdk\jre\bin\api-ms-win-crt-time-l1-1-0.dll
0x61dd0000 - 0x61dd3000 	C:\Program Files\Greenfoot\jdk\jre\bin\api-ms-win-crt-utility-l1-1-0.dll
0x61cb0000 - 0x61dc8000 	C:\Program Files\Greenfoot\jdk\jre\bin\ucrtbase.dll
0x61c90000 - 0x61ca4000 	C:\Program Files\Greenfoot\jdk\jre\bin\vcruntime140.dll
0x61c20000 - 0x61c8c000 	C:\Program Files\Greenfoot\jdk\jre\bin\msvcp140.dll
0x61be0000 - 0x61c1b000 	C:\Program Files\Greenfoot\jdk\jre\bin\concrt140.dll
0x61bc0000 - 0x61bdf000 	C:\Program Files\Greenfoot\jdk\jre\bin\prism_d3d.dll
0x619f0000 - 0x61bb3000 	C:\Windows\system32\d3d9.dll
0x619e0000 - 0x619e6000 	C:\Windows\system32\d3d8thk.dll
0x73b30000 - 0x73b43000 	C:\Windows\system32\dwmapi.dll
0x73f10000 - 0x73f50000 	C:\Windows\system32\uxtheme.dll
0x619c0000 - 0x619d9000 	C:\Program Files\Greenfoot\jdk\jre\bin\prism_sw.dll
0x61980000 - 0x619b8000 	C:\Program Files\Greenfoot\jdk\jre\bin\glass.dll
0x75600000 - 0x75692000 	C:\Windows\system32\OLEAUT32.dll
0x75190000 - 0x7519c000 	C:\Windows\system32\CRYPTBASE.dll
0x61830000 - 0x61977000 	C:\Program Files\Greenfoot\jdk\jre\bin\awt.dll
0x61820000 - 0x61830000 	C:\Program Files\Greenfoot\jdk\jre\bin\javafx_font.dll
0x616e0000 - 0x61816000 	C:\Windows\system32\dwrite.dll
0x773b0000 - 0x77433000 	C:\Windows\system32\CLBCatQ.DLL
0x74150000 - 0x742ee000 	C:\Windows\WinSxS\x86_microsoft.windows.common-controls_6595b64144ccf1df_6.0.7601.24483_none_2b200f664577e14b\comctl32.dll
0x738f0000 - 0x73a21000 	C:\Windows\system32\WindowsCodecs.dll
0x75110000 - 0x7515c000 	C:\Windows\system32\apphelp.dll
0x6e1e0000 - 0x6e211000 	C:\Windows\system32\EhStorShell.dll
0x76c50000 - 0x76ded000 	C:\Windows\system32\SETUPAPI.dll
0x75400000 - 0x75427000 	C:\Windows\system32\CFGMGR32.dll
0x752a0000 - 0x752b2000 	C:\Windows\system32\DEVOBJ.dll
0x73f60000 - 0x74055000 	C:\Windows\system32\PROPSYS.dll
0x6d9c0000 - 0x6ddcb000 	C:\PROGRA~1\MICROS~2\Office14\GROOVEEX.DLL
0x72110000 - 0x721b3000 	C:\Windows\WinSxS\x86_microsoft.vc90.crt_1fc8b3b9a1e18e3b_9.0.30729.4940_none_50916076bcb9a742\MSVCR90.dll
0x6e150000 - 0x6e1de000 	C:\Windows\WinSxS\x86_microsoft.vc90.crt_1fc8b3b9a1e18e3b_9.0.30729.4940_none_50916076bcb9a742\MSVCP90.dll
0x6e120000 - 0x6e14b000 	C:\Windows\WinSxS\x86_microsoft.vc90.atl_1fc8b3b9a1e18e3b_9.0.30729.4148_none_51ca66a2bbe76806\ATL90.DLL
0x6d5b0000 - 0x6d9bf000 	C:\PROGRA~1\COMMON~1\MICROS~1\OFFICE14\Cultures\office.odf
0x6cd40000 - 0x6d5a4000 	C:\PROGRA~1\MICROS~2\Office14\1033\GrooveIntlResource.dll
0x71ef0000 - 0x71ef7000 	C:\Program Files\Tonec\IDMShellExt.dll
0x6e090000 - 0x6e0fa000 	C:\Windows\System32\cscui.dll
0x6e080000 - 0x6e089000 	C:\Windows\System32\CSCDLL.dll
0x721d0000 - 0x721db000 	C:\Windows\system32\CSCAPI.dll
0x6e010000 - 0x6e080000 	C:\Windows\system32\ntshrui.dll
0x74e60000 - 0x74e79000 	C:\Windows\system32\srvcli.dll
0x73600000 - 0x7360a000 	C:\Windows\system32\slc.dll
0x5ed60000 - 0x5ed81000 	C:\Program Files\Common Files\Microsoft Shared\Ink\rtscom.dll
0x01400000 - 0x01408000 	C:\Program Files\Tonec\idmmkb.dll
0x5e9b0000 - 0x5e9c5000 	C:\Program Files\Greenfoot\jdk\jre\bin\net.dll
0x758e0000 - 0x75a2f000 	C:\Windows\system32\urlmon.dll
0x75580000 - 0x75584000 	C:\Windows\system32\api-ms-win-downlevel-ole32-l1-1-0.dll
0x75540000 - 0x75544000 	C:\Windows\system32\api-ms-win-downlevel-shlwapi-l1-1-0.dll
0x754e0000 - 0x754e5000 	C:\Windows\system32\api-ms-win-downlevel-advapi32-l1-1-0.dll
0x752c0000 - 0x752c4000 	C:\Windows\system32\api-ms-win-downlevel-user32-l1-1-0.dll
0x75290000 - 0x75294000 	C:\Windows\system32\api-ms-win-downlevel-version-l1-1-0.dll
0x75590000 - 0x75593000 	C:\Windows\system32\api-ms-win-downlevel-normaliz-l1-1-0.dll
0x75a30000 - 0x75a33000 	C:\Windows\system32\normaliz.DLL
0x770c0000 - 0x772f8000 	C:\Windows\system32\iertutil.dll
0x76750000 - 0x76b87000 	C:\Windows\system32\WININET.dll
0x75430000 - 0x75449000 	C:\Windows\system32\USERENV.dll
0x74bf0000 - 0x74c2c000 	C:\Windows\system32\mswsock.dll
0x74be0000 - 0x74be6000 	C:\Windows\System32\wship6.dll
0x74780000 - 0x74785000 	C:\Windows\System32\wshtcpip.dll
0x74ab0000 - 0x74af4000 	C:\Windows\system32\DNSAPI.dll
0x734c0000 - 0x734dc000 	C:\Windows\system32\IPHLPAPI.DLL

VM Arguments:
jvm_args: -Xmx512M -Djavafx.embed.singleThread=true 
java_command: <unknown>
java_class_path (initial): C:\Program Files\Greenfoot\lib\bluej.jar;C:\Program Files\Greenfoot\jdk\lib\tools.jar
Launcher Type: generic

Environment Variables:
PATH=C:\Program Files\Common Files\Oracle\Java\javapath;C:\Windows\system32;C:\Windows;C:\Windows\System32\Wbem;C:\Windows\System32\WindowsPowerShell\v1.0\;;C:\Users\ASUS\AppData\Local\Programs\Microsoft VS Code\bin
USERNAME=ASUS
OS=Windows_NT
PROCESSOR_IDENTIFIER=x86 Family 6 Model 28 Stepping 10, GenuineIntel



---------------  S Y S T E M  ---------------

OS: Windows 7 Build 7601 (6.1.7601.24540)

CPU:total 4 (initial active 4) (2 cores per cpu, 2 threads per core) family 6 model 28 stepping 10, cmov, cx8, fxsr, mmx, sse, sse2, sse3, ssse3, ht, tsc

Memory: 4k page, physical 1038456k(125624k free), swap 5232760k(1308k free)

vm_info: Java HotSpot(TM) Client VM (25.202-b08) for windows-x86 JRE (1.8.0_202-b08), built on Dec 15 2018 20:01:43 by "java_re" with MS VC++ 10.0 (VS2010)

time: Tue Jan 07 11:25:33 2020
timezone: SE Asia Standard Time
elapsed time: 4917 seconds (0d 1h 21m 57s)

