#
# A fatal error has been detected by the Java Runtime Environment:
#
#  EXCEPTION_ACCESS_VIOLATION (0xc0000005) at pc=0x36246c90, pid=3752, tid=0x00000e40
#
# JRE version: Java(TM) SE Runtime Environment (8.0_202-b08) (build 1.8.0_202-b08)
# Java VM: Java HotSpot(TM) Client VM (25.202-b08 mixed mode windows-x86 )
# Problematic frame:
# C  0x36246c90
#
# Failed to write core dump. Minidumps are not enabled by default on client versions of Windows
#
# If you would like to submit a bug report, please visit:
#   http://bugreport.java.com/bugreport/crash.jsp
# The crash happened outside the Java Virtual Machine in native code.
# See problematic frame for where to report the bug.
#

---------------  T H R E A D  ---------------

Current thread (0x24393c00):  JavaThread "JavaFX Application Thread" [_thread_in_native, id=3648, stack(0x260b0000,0x262b0000)]

siginfo: ExceptionCode=0xc0000005, writing address 0xbbadbeef

Registers:
EAX=0x366ac1fc, EBX=0x00000001, ECX=0x357a2199, EDX=0x51928350
ESP=0x262aee50, EBP=0x262aee70, ESI=0x329c7740, EDI=0x329c7730
EIP=0x36246c90, EFLAGS=0x00210246

Top of Stack: (sp=0x262aee50)
0x262aee50:   36254890 329bdb34 3298f0e8 00000000
0x262aee60:   262aee98 00000000 262aee94 0098f0e8
0x262aee70:   262aee9c 36261564 262aee94 366ad93c
0x262aee80:   262aee98 329bdb34 262aef00 329bdb2c
0x262aee90:   3298f0ec 329c6bc0 00000000 262aeed0
0x262aeea0:   36261065 262aef00 00000000 ffffffff
0x262aeeb0:   00604970 350ab191 0061e878 00000000
0x262aeec0:   00000004 0061e868 00000000 1350cf49 

Instructions: (pc=0x36246c90)
0x36246c70:   32 c0 c3 cc cc cc cc cc cc cc cc cc cc cc cc cc
0x36246c80:   a1 2c e2 18 38 85 c0 74 02 ff d0 e8 a0 fe ff ff
0x36246c90:   c7 05 ef be ad bb 00 00 00 00 33 c0 ff e0 cc cc
0x36246ca0:   e9 db ff ff ff cc cc cc cc cc cc cc cc cc cc cc 


Register to memory mapping:

EAX=0x366ac1fc is an unknown value
EBX=0x00000001 is an unknown value
ECX=0x357a2199 is an unknown value
EDX=0x51928350 is an unknown value
ESP=0x262aee50 is pointing into the stack for thread: 0x24393c00
EBP=0x262aee70 is pointing into the stack for thread: 0x24393c00
ESI=0x329c7740 is an unknown value
EDI=0x329c7730 is an unknown value


Stack: [0x260b0000,0x262b0000],  sp=0x262aee50,  free space=2043k
Native frames: (J=compiled Java code, j=interpreted, Vv=VM code, C=native code)
C  0x36246c90
C  0x36261564
C  0x36261065
C  0x36262a00
C  0x362621d0
C  0x35074987
C  0x3506eb41
C  0x3506f81d
C  0x35074e15
C  0x3506d4c9
C  0x3506d627
C  0x356c0c5f
C  0x34f845ac
j  com.sun.webkit.WebPage.collectJSCGarbages()V+21
j  com.sun.webkit.WebPage$$Lambda$1350.dispose()V+0
j  com.sun.webkit.Disposer$WeakDisposerRecord.dispose()V+4
j  com.sun.webkit.Disposer$DisposerRunnable.run()V+65
J 4271 C1 com.sun.javafx.application.PlatformImpl$$Lambda$60.run()Ljava/lang/Object; (8 bytes) @ 0x01e7e978 [0x01e7e950+0x28]
v  ~StubRoutines::call_stub
V  [jvm.dll+0x15c285]
V  [jvm.dll+0x22501e]
V  [jvm.dll+0x15c31e]
V  [jvm.dll+0x10c1ff]
C  [java.dll+0x102f]
J 4274 C1 com.sun.javafx.application.PlatformImpl.lambda$runLater$178(Ljava/lang/Runnable;Ljava/security/AccessControlContext;)V (38 bytes) @ 0x01e83e90 [0x01e83e30+0x60]
J 4268 C1 com.sun.javafx.application.PlatformImpl$$Lambda$59.run()V (12 bytes) @ 0x01e84c6c [0x01e84c40+0x2c]
J 1711 C1 com.sun.glass.ui.InvokeLaterDispatcher$Future.run()V (91 bytes) @ 0x01d20970 [0x01d20940+0x30]
v  ~StubRoutines::call_stub
V  [jvm.dll+0x15c285]
V  [jvm.dll+0x22501e]
V  [jvm.dll+0x15c31e]
V  [jvm.dll+0xddb6b]
V  [jvm.dll+0xe0afc]
C  [glass.dll+0x469c]

Java frames: (J=compiled Java code, j=interpreted, Vv=VM code)
j  com.sun.webkit.WebPage.twkDoJSCGarbageCollection()V+0
j  com.sun.webkit.WebPage.collectJSCGarbages()V+21
j  com.sun.webkit.WebPage$$Lambda$1350.dispose()V+0
j  com.sun.webkit.Disposer$WeakDisposerRecord.dispose()V+4
j  com.sun.webkit.Disposer$DisposerRunnable.run()V+65
J 4271 C1 com.sun.javafx.application.PlatformImpl$$Lambda$60.run()Ljava/lang/Object; (8 bytes) @ 0x01e7e978 [0x01e7e950+0x28]
v  ~StubRoutines::call_stub
J 1656  java.security.AccessController.doPrivileged(Ljava/security/PrivilegedAction;Ljava/security/AccessControlContext;)Ljava/lang/Object; (0 bytes) @ 0x01d19387 [0x01d19320+0x67]
J 4274 C1 com.sun.javafx.application.PlatformImpl.lambda$runLater$178(Ljava/lang/Runnable;Ljava/security/AccessControlContext;)V (38 bytes) @ 0x01e83e90 [0x01e83e30+0x60]
J 4268 C1 com.sun.javafx.application.PlatformImpl$$Lambda$59.run()V (12 bytes) @ 0x01e84c6c [0x01e84c40+0x2c]
J 1711 C1 com.sun.glass.ui.InvokeLaterDispatcher$Future.run()V (91 bytes) @ 0x01d20970 [0x01d20940+0x30]
v  ~StubRoutines::call_stub
j  com.sun.glass.ui.win.WinApplication._runLoop(Ljava/lang/Runnable;)V+0
j  com.sun.glass.ui.win.WinApplication.lambda$null$152(ILjava/lang/Runnable;)V+8
j  com.sun.glass.ui.win.WinApplication$$Lambda$40.run()V+12
j  java.lang.Thread.run()V+11
v  ~StubRoutines::call_stub

---------------  P R O C E S S  ---------------

Java Threads: ( => current thread )
  0x340fdc00 JavaThread "pool-2-thread-3" [_thread_blocked, id=5420, stack(0x32100000,0x32300000)]
  0x2589a400 JavaThread "pool-2-thread-2" [_thread_blocked, id=3748, stack(0x30290000,0x30490000)]
  0x2589ac00 JavaThread "pool-2-thread-1" [_thread_blocked, id=2620, stack(0x2bc60000,0x2be60000)]
  0x25899000 JavaThread "BlueJ compiler thread" [_thread_blocked, id=3936, stack(0x306a0000,0x308a0000)]
  0x25895400 JavaThread "Disposer" daemon [_thread_blocked, id=3724, stack(0x304a0000,0x306a0000)]
  0x25898c00 JavaThread "pool-3-thread-4" [_thread_blocked, id=3628, stack(0x2fea0000,0x300a0000)]
  0x25899800 JavaThread "pool-3-thread-3" [_thread_blocked, id=5080, stack(0x2fca0000,0x2fea0000)]
  0x2589a000 JavaThread "pool-3-thread-2" [_thread_blocked, id=5144, stack(0x2faa0000,0x2fca0000)]
  0x25894000 JavaThread "pool-3-thread-1" [_thread_blocked, id=4684, stack(0x2c960000,0x2cb60000)]
  0x25896000 JavaThread "Timer-0" [_thread_blocked, id=2488, stack(0x2e640000,0x2e840000)]
  0x25895800 JavaThread "Thread-11" [_thread_blocked, id=4552, stack(0x2cf30000,0x2d130000)]
  0x25894800 JavaThread "AWT-Shutdown" [_thread_blocked, id=4480, stack(0x2aab0000,0x2acb0000)]
  0x25893400 JavaThread "TimerQueue" daemon [_thread_blocked, id=4660, stack(0x29b20000,0x29d20000)]
  0x257f5000 JavaThread "Prism Font Disposer" daemon [_thread_blocked, id=2428, stack(0x28ee0000,0x290e0000)]
  0x243ca400 JavaThread "Thread-5" [_thread_blocked, id=2012, stack(0x26c70000,0x26e70000)]
  0x24318000 JavaThread "AWT-Windows" daemon [_thread_in_native, id=3728, stack(0x26a70000,0x26c70000)]
  0x24304400 JavaThread "Java2D Disposer" daemon [_thread_blocked, id=4800, stack(0x26670000,0x26870000)]
  0x2430c800 JavaThread "Thread-3" daemon [_thread_in_native, id=680, stack(0x262b0000,0x264b0000)]
=>0x24393c00 JavaThread "JavaFX Application Thread" [_thread_in_native, id=3648, stack(0x260b0000,0x262b0000)]
  0x01828400 JavaThread "Thread-2" daemon [_thread_blocked, id=5204, stack(0x25eb0000,0x260b0000)]
  0x2445fc00 JavaThread "QuantumRenderer-0" daemon [_thread_blocked, id=5064, stack(0x25b20000,0x25d20000)]
  0x243ee800 JavaThread "JavaFX-Launcher" [_thread_blocked, id=4308, stack(0x25520000,0x25720000)]
  0x242e3400 JavaThread "Service Thread" daemon [_thread_blocked, id=4428, stack(0x25120000,0x25320000)]
  0x242b7c00 JavaThread "C1 CompilerThread0" daemon [_thread_blocked, id=2076, stack(0x24f20000,0x25120000)]
  0x242c8000 JavaThread "Attach Listener" daemon [_thread_blocked, id=5140, stack(0x24d20000,0x24f20000)]
  0x242c4c00 JavaThread "Signal Dispatcher" daemon [_thread_blocked, id=3808, stack(0x24b20000,0x24d20000)]
  0x242a7800 JavaThread "Finalizer" daemon [_thread_blocked, id=4392, stack(0x24860000,0x24a60000)]
  0x242a2400 JavaThread "Reference Handler" daemon [_thread_blocked, id=4532, stack(0x24660000,0x24860000)]
  0x018dc000 JavaThread "main" [_thread_blocked, id=4664, stack(0x00030000,0x00230000)]

Other Threads:
  0x2427a000 VMThread [stack: 0x24460000,0x24660000] [id=4336]
  0x242f1000 WatcherThread [stack: 0x25320000,0x25520000] [id=4280]

VM state:not at safepoint (normal execution)

VM Mutex/Monitor currently owned by a thread: None

Heap:
 def new generation   total 102848K, used 1866K [0x03e00000, 0x0ad90000, 0x0e8a0000)
  eden space 91456K,   2% used [0x03e00000, 0x03fd2318, 0x09750000)
  from space 11392K,   0% used [0x0a270000, 0x0a270608, 0x0ad90000)
  to   space 11392K,   0% used [0x09750000, 0x09750000, 0x0a270000)
 tenured generation   total 228204K, used 113343K [0x0e8a0000, 0x1c77b000, 0x23e00000)
   the space 228204K,  49% used [0x0e8a0000, 0x1574fce0, 0x1574fe00, 0x1c77b000)
 Metaspace       used 30773K, capacity 33433K, committed 33536K, reserved 34176K

Card table byte_map: [0x03c60000,0x03d70000] byte_map_base: 0x03c41000

Polling page: 0x003d0000

CodeCache: size=32768Kb used=4009Kb max_used=4938Kb free=28758Kb
 bounds [0x01c60000, 0x02140000, 0x03c60000]
 total_blobs=2903 nmethods=2447 adapters=386
 compilation: enabled

Compilation events (10 events):
Event: 3552.398 Thread 0x242b7c00 12287             java.util.concurrent.CopyOnWriteArrayList::iterator (14 bytes)
Event: 3552.399 Thread 0x242b7c00 nmethod 12287 0x01fb86c8 code [0x01fb87c0, 0x01fb8890]
Event: 3552.446 Thread 0x242b7c00 12288             java.util.concurrent.CopyOnWriteArraySet::iterator (8 bytes)
Event: 3552.447 Thread 0x242b7c00 nmethod 12288 0x01f1bfc8 code [0x01f1c0c0, 0x01f1c190]
Event: 3552.462 Thread 0x242b7c00 12289             com.sun.javafx.tk.quantum.QuantumToolkit::isNestedLoopRunning (4 bytes)
Event: 3552.462 Thread 0x242b7c00 nmethod 12289 0x01d32cc8 code [0x01d32dd0, 0x01d32e7c]
Event: 3552.462 Thread 0x242b7c00 12290             com.sun.glass.ui.Application::isNestedLoopRunning (15 bytes)
Event: 3552.463 Thread 0x242b7c00 nmethod 12290 0x01f22a48 code [0x01f22b40, 0x01f22bdc]
Event: 3552.494 Thread 0x242b7c00 12291             com.sun.javafx.application.LauncherImpl$1::idle (43 bytes)
Event: 3552.495 Thread 0x242b7c00 nmethod 12291 0x01d0dec8 code [0x01d0e000, 0x01d0e1c0]

GC Heap History (10 events):
Event: 7158.880 GC heap before
{Heap before GC invocations=83 (full 9):
 def new generation   total 102848K, used 91456K [0x03e00000, 0x0ad90000, 0x0e8a0000)
  eden space 91456K, 100% used [0x03e00000, 0x09750000, 0x09750000)
  from space 11392K,   0% used [0x09750000, 0x09750088, 0x0a270000)
  to   space 11392K,   0% used [0x0a270000, 0x0a270000, 0x0ad90000)
 tenured generation   total 228204K, used 113343K [0x0e8a0000, 0x1c77b000, 0x23e00000)
   the space 228204K,  49% used [0x0e8a0000, 0x1574fce0, 0x1574fe00, 0x1c77b000)
 Metaspace       used 30773K, capacity 33433K, committed 33536K, reserved 34176K
Event: 7177.479 GC heap after
Heap after GC invocations=84 (full 9):
 def new generation   total 102848K, used 0K [0x03e00000, 0x0ad90000, 0x0e8a0000)
  eden space 91456K,   0% used [0x03e00000, 0x03e00000, 0x09750000)
  from space 11392K,   0% used [0x0a270000, 0x0a2700a0, 0x0ad90000)
  to   space 11392K,   0% used [0x09750000, 0x09750000, 0x0a270000)
 tenured generation   total 228204K, used 113343K [0x0e8a0000, 0x1c77b000, 0x23e00000)
   the space 228204K,  49% used [0x0e8a0000, 0x1574fce0, 0x1574fe00, 0x1c77b000)
 Metaspace       used 30773K, capacity 33433K, committed 33536K, reserved 34176K
}
Event: 7771.571 GC heap before
{Heap before GC invocations=84 (full 9):
 def new generation   total 102848K, used 91456K [0x03e00000, 0x0ad90000, 0x0e8a0000)
  eden space 91456K, 100% used [0x03e00000, 0x09750000, 0x09750000)
  from space 11392K,   0% used [0x0a270000, 0x0a2700a0, 0x0ad90000)
  to   space 11392K,   0% used [0x09750000, 0x09750000, 0x0a270000)
 tenured generation   total 228204K, used 113343K [0x0e8a0000, 0x1c77b000, 0x23e00000)
   the space 228204K,  49% used [0x0e8a0000, 0x1574fce0, 0x1574fe00, 0x1c77b000)
 Metaspace       used 30773K, capacity 33433K, committed 33536K, reserved 34176K
Event: 7793.426 GC heap after
Heap after GC invocations=85 (full 9):
 def new generation   total 102848K, used 0K [0x03e00000, 0x0ad90000, 0x0e8a0000)
  eden space 91456K,   0% used [0x03e00000, 0x03e00000, 0x09750000)
  from space 11392K,   0% used [0x09750000, 0x09750068, 0x0a270000)
  to   space 11392K,   0% used [0x0a270000, 0x0a270000, 0x0ad90000)
 tenured generation   total 228204K, used 113343K [0x0e8a0000, 0x1c77b000, 0x23e00000)
   the space 228204K,  49% used [0x0e8a0000, 0x1574fce0, 0x1574fe00, 0x1c77b000)
 Metaspace       used 30773K, capacity 33433K, committed 33536K, reserved 34176K
}
Event: 8398.226 GC heap before
{Heap before GC invocations=85 (full 9):
 def new generation   total 102848K, used 91456K [0x03e00000, 0x0ad90000, 0x0e8a0000)
  eden space 91456K, 100% used [0x03e00000, 0x09750000, 0x09750000)
  from space 11392K,   0% used [0x09750000, 0x09750068, 0x0a270000)
  to   space 11392K,   0% used [0x0a270000, 0x0a270000, 0x0ad90000)
 tenured generation   total 228204K, used 113343K [0x0e8a0000, 0x1c77b000, 0x23e00000)
   the space 228204K,  49% used [0x0e8a0000, 0x1574fce0, 0x1574fe00, 0x1c77b000)
 Metaspace       used 30773K, capacity 33433K, committed 33536K, reserved 34176K
Event: 8500.481 GC heap after
Heap after GC invocations=86 (full 9):
 def new generation   total 102848K, used 0K [0x03e00000, 0x0ad90000, 0x0e8a0000)
  eden space 91456K,   0% used [0x03e00000, 0x03e00000, 0x09750000)
  from space 11392K,   0% used [0x0a270000, 0x0a270088, 0x0ad90000)
  to   space 11392K,   0% used [0x09750000, 0x09750000, 0x0a270000)
 tenured generation   total 228204K, used 113343K [0x0e8a0000, 0x1c77b000, 0x23e00000)
   the space 228204K,  49% used [0x0e8a0000, 0x1574fce0, 0x1574fe00, 0x1c77b000)
 Metaspace       used 30773K, capacity 33433K, committed 33536K, reserved 34176K
}
Event: 9228.055 GC heap before
{Heap before GC invocations=86 (full 9):
 def new generation   total 102848K, used 91456K [0x03e00000, 0x0ad90000, 0x0e8a0000)
  eden space 91456K, 100% used [0x03e00000, 0x09750000, 0x09750000)
  from space 11392K,   0% used [0x0a270000, 0x0a270088, 0x0ad90000)
  to   space 11392K,   0% used [0x09750000, 0x09750000, 0x0a270000)
 tenured generation   total 228204K, used 113343K [0x0e8a0000, 0x1c77b000, 0x23e00000)
   the space 228204K,  49% used [0x0e8a0000, 0x1574fce0, 0x1574fe00, 0x1c77b000)
 Metaspace       used 30773K, capacity 33433K, committed 33536K, reserved 34176K
Event: 9332.096 GC heap after
Heap after GC invocations=87 (full 9):
 def new generation   total 102848K, used 0K [0x03e00000, 0x0ad90000, 0x0e8a0000)
  eden space 91456K,   0% used [0x03e00000, 0x03e00000, 0x09750000)
  from space 11392K,   0% used [0x09750000, 0x097501e8, 0x0a270000)
  to   space 11392K,   0% used [0x0a270000, 0x0a270000, 0x0ad90000)
 tenured generation   total 228204K, used 113343K [0x0e8a0000, 0x1c77b000, 0x23e00000)
   the space 228204K,  49% used [0x0e8a0000, 0x1574fce0, 0x1574fe00, 0x1c77b000)
 Metaspace       used 30773K, capacity 33433K, committed 33536K, reserved 34176K
}
Event: 9945.763 GC heap before
{Heap before GC invocations=87 (full 9):
 def new generation   total 102848K, used 91456K [0x03e00000, 0x0ad90000, 0x0e8a0000)
  eden space 91456K, 100% used [0x03e00000, 0x09750000, 0x09750000)
  from space 11392K,   0% used [0x09750000, 0x097501e8, 0x0a270000)
  to   space 11392K,   0% used [0x0a270000, 0x0a270000, 0x0ad90000)
 tenured generation   total 228204K, used 113343K [0x0e8a0000, 0x1c77b000, 0x23e00000)
   the space 228204K,  49% used [0x0e8a0000, 0x1574fce0, 0x1574fe00, 0x1c77b000)
 Metaspace       used 30773K, capacity 33433K, committed 33536K, reserved 34176K
Event: 9991.757 GC heap after
Heap after GC invocations=88 (full 9):
 def new generation   total 102848K, used 1K [0x03e00000, 0x0ad90000, 0x0e8a0000)
  eden space 91456K,   0% used [0x03e00000, 0x03e00000, 0x09750000)
  from space 11392K,   0% used [0x0a270000, 0x0a270608, 0x0ad90000)
  to   space 11392K,   0% used [0x09750000, 0x09750000, 0x0a270000)
 tenured generation   total 228204K, used 113343K [0x0e8a0000, 0x1c77b000, 0x23e00000)
   the space 228204K,  49% used [0x0e8a0000, 0x1574fce0, 0x1574fe00, 0x1c77b000)
 Metaspace       used 30773K, capacity 33433K, committed 33536K, reserved 34176K
}

Deoptimization events (0 events):
No events

Classes redefined (0 events):
No events

Internal exceptions (10 events):
Event: 3279.912 Thread 0x25899000 Exception <a 'java/io/FileNotFoundException'> (0x048e9230) thrown at [C:\re\workspace\8-2-build-windows-i586-cygwin\jdk8u202\12323\hotspot\src\share\vm\prims\jni.cpp, line 710]
Event: 3450.931 Thread 0x2445fc00 Exception <a 'java/lang/ArrayIndexOutOfBoundsException'> (0x04b975d0) thrown at [C:\re\workspace\8-2-build-windows-i586-cygwin\jdk8u202\12323\hotspot\src\share\vm\runtime\sharedRuntime.cpp, line 605]
Event: 3453.701 Thread 0x25899000 Exception <a 'java/io/FileNotFoundException'> (0x04f6bbc8) thrown at [C:\re\workspace\8-2-build-windows-i586-cygwin\jdk8u202\12323\hotspot\src\share\vm\prims\jni.cpp, line 710]
Event: 3453.704 Thread 0x25899000 Exception <a 'java/io/FileNotFoundException'> (0x04f6d200) thrown at [C:\re\workspace\8-2-build-windows-i586-cygwin\jdk8u202\12323\hotspot\src\share\vm\prims\jni.cpp, line 710]
Event: 3460.832 Thread 0x340fe400 Exception <a 'java/lang/InterruptedException': sleep interrupted> (0x04bb1e98) thrown at [C:\re\workspace\8-2-build-windows-i586-cygwin\jdk8u202\12323\hotspot\src\share\vm\prims\jvm.cpp, line 3288]
Event: 3501.721 Thread 0x340fe400 Exception <a 'java/lang/InterruptedException': sleep interrupted> (0x05df4a10) thrown at [C:\re\workspace\8-2-build-windows-i586-cygwin\jdk8u202\12323\hotspot\src\share\vm\prims\jvm.cpp, line 3288]
Event: 3519.613 Thread 0x25898000 Exception <a 'java/lang/InterruptedException'> (0x063e1138) thrown at [C:\re\workspace\8-2-build-windows-i586-cygwin\jdk8u202\12323\hotspot\src\share\vm\runtime\objectMonitor.cpp, line 1684]
Event: 3519.679 Thread 0x25896c00 Exception <a 'java/io/IOException': shmemBase_receivePacket failed: stream closed
> (0x063df960) thrown at [C:\re\workspace\8-2-build-windows-i586-cygwin\jdk8u202\12323\hotspot\src\share\vm\prims\jni.cpp, line 736]
Event: 3519.857 Thread 0x25896400 Exception <a 'java/lang/InterruptedException': sleep interrupted> (0x0641bb50) thrown at [C:\re\workspace\8-2-build-windows-i586-cygwin\jdk8u202\12323\hotspot\src\share\vm\prims\jvm.cpp, line 3288]
Event: 3520.523 Thread 0x24393c00 Exception <a 'java/lang/NullPointerException'> (0x06352348) thrown at [C:\re\workspace\8-2-build-windows-i586-cygwin\jdk8u202\12323\hotspot\src\share\vm\prims\jvm.cpp, line 1506]

Events (10 events):
Event: 7142.844 Executing VM operation: GenCollectForAllocation
Event: 7177.500 Executing VM operation: GenCollectForAllocation done
Event: 7750.971 Executing VM operation: GenCollectForAllocation
Event: 7793.457 Executing VM operation: GenCollectForAllocation done
Event: 8379.058 Executing VM operation: GenCollectForAllocation
Event: 8500.506 Executing VM operation: GenCollectForAllocation done
Event: 9187.177 Executing VM operation: GenCollectForAllocation
Event: 9332.205 Executing VM operation: GenCollectForAllocation done
Event: 9937.495 Executing VM operation: GenCollectForAllocation
Event: 9991.841 Executing VM operation: GenCollectForAllocation done


Dynamic libraries:
0x00400000 - 0x00497000 	C:\Program Files\Greenfoot\Greenfoot.exe
0x77180000 - 0x772c2000 	C:\Windows\SYSTEM32\ntdll.dll
0x76880000 - 0x76955000 	C:\Windows\system32\kernel32.dll
0x750b0000 - 0x750fb000 	C:\Windows\system32\KERNELBASE.dll
0x75450000 - 0x754f1000 	C:\Windows\system32\ADVAPI32.DLL
0x752d0000 - 0x7537c000 	C:\Windows\system32\msvcrt.dll
0x772f0000 - 0x77309000 	C:\Windows\SYSTEM32\sechost.dll
0x75930000 - 0x759d2000 	C:\Windows\system32\RPCRT4.dll
0x767b0000 - 0x7682b000 	C:\Windows\system32\COMDLG32.DLL
0x77360000 - 0x773b7000 	C:\Windows\system32\SHLWAPI.dll
0x75b10000 - 0x75b5e000 	C:\Windows\system32\GDI32.dll
0x757b0000 - 0x75879000 	C:\Windows\system32\USER32.dll
0x77350000 - 0x7735a000 	C:\Windows\system32\LPK.dll
0x75880000 - 0x7591d000 	C:\Windows\system32\USP10.dll
0x72490000 - 0x72514000 	C:\Windows\WinSxS\x86_microsoft.windows.common-controls_6595b64144ccf1df_5.82.7601.18837_none_ec86b8d6858ec0bc\COMCTL32.dll
0x75b60000 - 0x767ac000 	C:\Windows\system32\SHELL32.dll
0x74380000 - 0x74389000 	C:\Windows\system32\VERSION.dll
0x772d0000 - 0x772ef000 	C:\Windows\system32\IMM32.DLL
0x759e0000 - 0x75aae000 	C:\Windows\system32\MSCTF.dll
0x51ad0000 - 0x51ea5000 	C:\Program Files\Greenfoot\jdk\jre\bin\client\jvm.dll
0x68fd0000 - 0x68fd7000 	C:\Windows\system32\WSOCK32.dll
0x77310000 - 0x77345000 	C:\Windows\system32\WS2_32.dll
0x75920000 - 0x75926000 	C:\Windows\system32\NSI.dll
0x71a90000 - 0x71ac2000 	C:\Windows\system32\WINMM.dll
0x75410000 - 0x75415000 	C:\Windows\system32\PSAPI.DLL
0x52260000 - 0x5231f000 	C:\Program Files\Greenfoot\jdk\jre\bin\MSVCR100.dll
0x71280000 - 0x7128c000 	C:\Program Files\Greenfoot\jdk\jre\bin\verify.dll
0x71200000 - 0x71221000 	C:\Program Files\Greenfoot\jdk\jre\bin\java.dll
0x71260000 - 0x71274000 	C:\Program Files\Greenfoot\jdk\jre\bin\zip.dll
0x75500000 - 0x7565f000 	C:\Windows\system32\ole32.dll
0x74f00000 - 0x74f0b000 	C:\Windows\system32\profapi.dll
0x69090000 - 0x69093000 	C:\Program Files\Greenfoot\jdk\jre\bin\api-ms-win-core-console-l1-1-0.dll
0x68910000 - 0x68913000 	C:\Program Files\Greenfoot\jdk\jre\bin\api-ms-win-core-datetime-l1-1-0.dll
0x68900000 - 0x68903000 	C:\Program Files\Greenfoot\jdk\jre\bin\api-ms-win-core-debug-l1-1-0.dll
0x688f0000 - 0x688f3000 	C:\Program Files\Greenfoot\jdk\jre\bin\api-ms-win-core-errorhandling-l1-1-0.dll
0x65240000 - 0x65244000 	C:\Program Files\Greenfoot\jdk\jre\bin\api-ms-win-core-file-l1-1-0.dll
0x65230000 - 0x65233000 	C:\Program Files\Greenfoot\jdk\jre\bin\api-ms-win-core-file-l1-2-0.dll
0x651f0000 - 0x651f3000 	C:\Program Files\Greenfoot\jdk\jre\bin\api-ms-win-core-file-l2-1-0.dll
0x5ed60000 - 0x5ed63000 	C:\Program Files\Greenfoot\jdk\jre\bin\api-ms-win-core-handle-l1-1-0.dll
0x5ed40000 - 0x5ed43000 	C:\Program Files\Greenfoot\jdk\jre\bin\api-ms-win-core-heap-l1-1-0.dll
0x5ed30000 - 0x5ed33000 	C:\Program Files\Greenfoot\jdk\jre\bin\api-ms-win-core-interlocked-l1-1-0.dll
0x5ed20000 - 0x5ed23000 	C:\Program Files\Greenfoot\jdk\jre\bin\api-ms-win-core-libraryloader-l1-1-0.dll
0x5ecf0000 - 0x5ecf3000 	C:\Program Files\Greenfoot\jdk\jre\bin\api-ms-win-core-localization-l1-2-0.dll
0x54800000 - 0x54803000 	C:\Program Files\Greenfoot\jdk\jre\bin\api-ms-win-core-memory-l1-1-0.dll
0x535b0000 - 0x535b3000 	C:\Program Files\Greenfoot\jdk\jre\bin\api-ms-win-core-namedpipe-l1-1-0.dll
0x535a0000 - 0x535a3000 	C:\Program Files\Greenfoot\jdk\jre\bin\api-ms-win-core-processenvironment-l1-1-0.dll
0x533e0000 - 0x533e3000 	C:\Program Files\Greenfoot\jdk\jre\bin\api-ms-win-core-processthreads-l1-1-0.dll
0x527a0000 - 0x527a3000 	C:\Program Files\Greenfoot\jdk\jre\bin\api-ms-win-core-processthreads-l1-1-1.dll
0x52740000 - 0x52743000 	C:\Program Files\Greenfoot\jdk\jre\bin\api-ms-win-core-profile-l1-1-0.dll
0x52670000 - 0x52673000 	C:\Program Files\Greenfoot\jdk\jre\bin\api-ms-win-core-rtlsupport-l1-1-0.dll
0x52370000 - 0x52373000 	C:\Program Files\Greenfoot\jdk\jre\bin\api-ms-win-core-string-l1-1-0.dll
0x52250000 - 0x52253000 	C:\Program Files\Greenfoot\jdk\jre\bin\api-ms-win-core-synch-l1-1-0.dll
0x52240000 - 0x52243000 	C:\Program Files\Greenfoot\jdk\jre\bin\api-ms-win-core-synch-l1-2-0.dll
0x52230000 - 0x52233000 	C:\Program Files\Greenfoot\jdk\jre\bin\api-ms-win-core-sysinfo-l1-1-0.dll
0x52220000 - 0x52223000 	C:\Program Files\Greenfoot\jdk\jre\bin\api-ms-win-core-timezone-l1-1-0.dll
0x52210000 - 0x52213000 	C:\Program Files\Greenfoot\jdk\jre\bin\api-ms-win-core-util-l1-1-0.dll
0x52200000 - 0x52203000 	C:\Program Files\Greenfoot\jdk\jre\bin\api-ms-win-crt-conio-l1-1-0.dll
0x521f0000 - 0x521f4000 	C:\Program Files\Greenfoot\jdk\jre\bin\api-ms-win-crt-convert-l1-1-0.dll
0x521e0000 - 0x521e3000 	C:\Program Files\Greenfoot\jdk\jre\bin\api-ms-win-crt-environment-l1-1-0.dll
0x521d0000 - 0x521d3000 	C:\Program Files\Greenfoot\jdk\jre\bin\api-ms-win-crt-filesystem-l1-1-0.dll
0x521c0000 - 0x521c3000 	C:\Program Files\Greenfoot\jdk\jre\bin\api-ms-win-crt-heap-l1-1-0.dll
0x521b0000 - 0x521b3000 	C:\Program Files\Greenfoot\jdk\jre\bin\api-ms-win-crt-locale-l1-1-0.dll
0x521a0000 - 0x521a5000 	C:\Program Files\Greenfoot\jdk\jre\bin\api-ms-win-crt-math-l1-1-0.dll
0x52190000 - 0x52195000 	C:\Program Files\Greenfoot\jdk\jre\bin\api-ms-win-crt-multibyte-l1-1-0.dll
0x52180000 - 0x52190000 	C:\Program Files\Greenfoot\jdk\jre\bin\api-ms-win-crt-private-l1-1-0.dll
0x52170000 - 0x52173000 	C:\Program Files\Greenfoot\jdk\jre\bin\api-ms-win-crt-process-l1-1-0.dll
0x51980000 - 0x51984000 	C:\Program Files\Greenfoot\jdk\jre\bin\api-ms-win-crt-runtime-l1-1-0.dll
0x51970000 - 0x51974000 	C:\Program Files\Greenfoot\jdk\jre\bin\api-ms-win-crt-stdio-l1-1-0.dll
0x51960000 - 0x51964000 	C:\Program Files\Greenfoot\jdk\jre\bin\api-ms-win-crt-string-l1-1-0.dll
0x51950000 - 0x51953000 	C:\Program Files\Greenfoot\jdk\jre\bin\api-ms-win-crt-time-l1-1-0.dll
0x51940000 - 0x51943000 	C:\Program Files\Greenfoot\jdk\jre\bin\api-ms-win-crt-utility-l1-1-0.dll
0x51820000 - 0x51938000 	C:\Program Files\Greenfoot\jdk\jre\bin\ucrtbase.dll
0x51800000 - 0x51814000 	C:\Program Files\Greenfoot\jdk\jre\bin\vcruntime140.dll
0x51790000 - 0x517fc000 	C:\Program Files\Greenfoot\jdk\jre\bin\msvcp140.dll
0x51750000 - 0x5178b000 	C:\Program Files\Greenfoot\jdk\jre\bin\concrt140.dll
0x51730000 - 0x5174f000 	C:\Program Files\Greenfoot\jdk\jre\bin\prism_d3d.dll
0x5d520000 - 0x5d6e3000 	C:\Windows\system32\d3d9.dll
0x5d4f0000 - 0x5d4f6000 	C:\Windows\system32\d3d8thk.dll
0x73870000 - 0x73883000 	C:\Windows\system32\dwmapi.dll
0x73d90000 - 0x73dd0000 	C:\Windows\system32\uxtheme.dll
0x51ab0000 - 0x51ac9000 	C:\Program Files\Greenfoot\jdk\jre\bin\prism_sw.dll
0x51a70000 - 0x51aa8000 	C:\Program Files\Greenfoot\jdk\jre\bin\glass.dll
0x75230000 - 0x752c2000 	C:\Windows\system32\OLEAUT32.dll
0x74e20000 - 0x74e2c000 	C:\Windows\system32\CRYPTBASE.dll
0x515e0000 - 0x51727000 	C:\Program Files\Greenfoot\jdk\jre\bin\awt.dll
0x51a60000 - 0x51a70000 	C:\Program Files\Greenfoot\jdk\jre\bin\javafx_font.dll
0x64f50000 - 0x65086000 	C:\Windows\system32\dwrite.dll
0x75380000 - 0x75403000 	C:\Windows\system32\CLBCatQ.DLL
0x73f20000 - 0x740be000 	C:\Windows\WinSxS\x86_microsoft.windows.common-controls_6595b64144ccf1df_6.0.7601.24483_none_2b200f664577e14b\comctl32.dll
0x735e0000 - 0x73711000 	C:\Windows\system32\WindowsCodecs.dll
0x74da0000 - 0x74dec000 	C:\Windows\system32\apphelp.dll
0x6df10000 - 0x6df41000 	C:\Windows\system32\EhStorShell.dll
0x76fe0000 - 0x7717d000 	C:\Windows\system32\SETUPAPI.dll
0x75060000 - 0x75087000 	C:\Windows\system32\CFGMGR32.dll
0x75210000 - 0x75222000 	C:\Windows\system32\DEVOBJ.dll
0x73c70000 - 0x73d65000 	C:\Windows\system32\PROPSYS.dll
0x6d660000 - 0x6da6b000 	C:\PROGRA~1\MICROS~2\Office14\GROOVEEX.DLL
0x71fa0000 - 0x72043000 	C:\Windows\WinSxS\x86_microsoft.vc90.crt_1fc8b3b9a1e18e3b_9.0.30729.4940_none_50916076bcb9a742\MSVCR90.dll
0x6ddf0000 - 0x6de7e000 	C:\Windows\WinSxS\x86_microsoft.vc90.crt_1fc8b3b9a1e18e3b_9.0.30729.4940_none_50916076bcb9a742\MSVCP90.dll
0x6ddc0000 - 0x6ddeb000 	C:\Windows\WinSxS\x86_microsoft.vc90.atl_1fc8b3b9a1e18e3b_9.0.30729.4148_none_51ca66a2bbe76806\ATL90.DLL
0x6d250000 - 0x6d65f000 	C:\PROGRA~1\COMMON~1\MICROS~1\OFFICE14\Cultures\office.odf
0x6c9e0000 - 0x6d244000 	C:\PROGRA~1\MICROS~2\Office14\1033\GrooveIntlResource.dll
0x6ddb0000 - 0x6ddb7000 	C:\Program Files\Tonec\IDMShellExt.dll
0x6dd20000 - 0x6dd8a000 	C:\Windows\System32\cscui.dll
0x6dd10000 - 0x6dd19000 	C:\Windows\System32\CSCDLL.dll
0x6dec0000 - 0x6decb000 	C:\Windows\system32\CSCAPI.dll
0x6dca0000 - 0x6dd10000 	C:\Windows\system32\ntshrui.dll
0x74af0000 - 0x74b09000 	C:\Windows\system32\srvcli.dll
0x73230000 - 0x7323a000 	C:\Windows\system32\slc.dll
0x51a30000 - 0x51a51000 	C:\Program Files\Common Files\Microsoft Shared\Ink\rtscom.dll
0x01740000 - 0x01748000 	C:\Program Files\Tonec\idmmkb.dll
0x51a10000 - 0x51a25000 	C:\Program Files\Greenfoot\jdk\jre\bin\net.dll
0x75660000 - 0x757af000 	C:\Windows\system32\urlmon.dll
0x751b0000 - 0x751b4000 	C:\Windows\system32\api-ms-win-downlevel-ole32-l1-1-0.dll
0x750a0000 - 0x750a4000 	C:\Windows\system32\api-ms-win-downlevel-shlwapi-l1-1-0.dll
0x75090000 - 0x75095000 	C:\Windows\system32\api-ms-win-downlevel-advapi32-l1-1-0.dll
0x75100000 - 0x75104000 	C:\Windows\system32\api-ms-win-downlevel-user32-l1-1-0.dll
0x75050000 - 0x75054000 	C:\Windows\system32\api-ms-win-downlevel-version-l1-1-0.dll
0x751a0000 - 0x751a3000 	C:\Windows\system32\api-ms-win-downlevel-normaliz-l1-1-0.dll
0x773c0000 - 0x773c3000 	C:\Windows\system32\normaliz.DLL
0x76da0000 - 0x76fd8000 	C:\Windows\system32\iertutil.dll
0x76960000 - 0x76d97000 	C:\Windows\system32\WININET.dll
0x751c0000 - 0x751d9000 	C:\Windows\system32\USERENV.dll
0x74880000 - 0x748bc000 	C:\Windows\system32\mswsock.dll
0x74870000 - 0x74876000 	C:\Windows\System32\wship6.dll
0x74410000 - 0x74415000 	C:\Windows\System32\wshtcpip.dll
0x74740000 - 0x74784000 	C:\Windows\system32\DNSAPI.dll
0x73040000 - 0x7305c000 	C:\Windows\system32\IPHLPAPI.DLL

VM Arguments:
jvm_args: -Xmx512M -Djavafx.embed.singleThread=true 
java_command: <unknown>
java_class_path (initial): C:\Program Files\Greenfoot\lib\bluej.jar;C:\Program Files\Greenfoot\jdk\lib\tools.jar
Launcher Type: generic

Environment Variables:
PATH=C:\Program Files\Common Files\Oracle\Java\javapath;C:\Windows\system32;C:\Windows;C:\Windows\System32\Wbem;C:\Windows\System32\WindowsPowerShell\v1.0\;;C:\Users\ASUS\AppData\Local\Programs\Microsoft VS Code\bin
USERNAME=ASUS
OS=Windows_NT
PROCESSOR_IDENTIFIER=x86 Family 6 Model 28 Stepping 10, GenuineIntel



---------------  S Y S T E M  ---------------

OS: Windows 7 Build 7601 (6.1.7601.24540)

CPU:total 4 (initial active 4) (2 cores per cpu, 2 threads per core) family 6 model 28 stepping 10, cmov, cx8, fxsr, mmx, sse, sse2, sse3, ssse3, ht, tsc

Memory: 4k page, physical 1038456k(53308k free), swap 5232760k(13000k free)

vm_info: Java HotSpot(TM) Client VM (25.202-b08) for windows-x86 JRE (1.8.0_202-b08), built on Dec 15 2018 20:01:43 by "java_re" with MS VC++ 10.0 (VS2010)

time: Wed Jan 15 16:15:43 2020
timezone: SE Asia Standard Time
elapsed time: 10028 seconds (0d 2h 47m 8s)

