#
# A fatal error has been detected by the Java Runtime Environment:
#
#  EXCEPTION_STACK_OVERFLOW (0xc00000fd) at pc=0x078eb993, pid=2040, tid=0x00001f48
#
# JRE version: Java(TM) SE Runtime Environment (8.0_202-b08) (build 1.8.0_202-b08)
# Java VM: Java HotSpot(TM) Client VM (25.202-b08 mixed mode windows-x86 )
# Problematic frame:
# V  [jvm.dll+0x15b993]
#
# Failed to write core dump. Minidumps are not enabled by default on client versions of Windows
#
# If you would like to submit a bug report, please visit:
#   http://bugreport.java.com/bugreport/crash.jsp
#

---------------  T H R E A D  ---------------

Current thread (0x2a983000):  JavaThread "JDI Event Queue Timer" daemon [_thread_in_vm, id=8008, stack(0x2f6d0000,0x2f8d0000)]

siginfo: ExceptionCode=0xc00000fd, ExceptionInformation=0x00000001 0x2f8cbb0c 

Registers:
EAX=0x00004000, EBX=0x2f8cfcfc, ECX=0x2f8cbb0c, EDX=0x30f56250
ESP=0x2f8cfb18, EBP=0x2f8cfb84, ESI=0x00000005, EDI=0x2f8cfb0c
EIP=0x078eb993, EFLAGS=0x00010206

Top of Stack: (sp=0x2f8cfb18)
0x2f8cfb18:   30dd86b8 2a983000 078ec233 00000000
0x2f8cfb28:   2a983000 2f8cfc6c 00000001 2a983000
0x2f8cfb38:   078152d5 2a983000 30f56250 2ed19350
0x2f8cfb48:   2f8cfba4 07815d2e 03bd63e0 2ed193c8
0x2f8cfb58:   03bd48f0 2a983000 2ed19350 2a983000
0x2f8cfb68:   30f56250 2ed19350 2a983000 0000000a
0x2f8cfb78:   2f8cfc6c 30dd86b8 01bbb090 2f8cfbcc
0x2f8cfb88:   079b501e 2f8cfcf4 2f8cfbf8 2f8cfc6c 

Instructions: (pc=0x078eb993)
0x078eb973:   99 97 0c 00 be 01 00 00 00 8b f8 39 35 08 0a af
0x078eb983:   07 7c 1b e8 65 6a 06 00 0f af c6 8b cf 2b c8 46
0x078eb993:   c7 01 00 00 00 00 3b 35 08 0a af 07 7e e5 5f 5e
0x078eb9a3:   c3 cc cc cc cc cc cc cc cc cc cc cc cc 8b 01 8b 


Register to memory mapping:

EAX=0x00004000 is an unknown value
EBX=0x2f8cfcfc is pointing into the stack for thread: 0x2a983000
ECX=0x2f8cbb0c is pointing into the stack for thread: 0x2a983000
EDX=0x30f56250 is an unknown value
ESP=0x2f8cfb18 is pointing into the stack for thread: 0x2a983000
EBP=0x2f8cfb84 is pointing into the stack for thread: 0x2a983000
ESI=0x00000005 is an unknown value
EDI=0x2f8cfb0c is pointing into the stack for thread: 0x2a983000


Stack: [0x2f6d0000,0x2f8d0000],  sp=0x2f8cfb18,  free space=2046k
Native frames: (J=compiled Java code, j=interpreted, Vv=VM code, C=native code)
V  [jvm.dll+0x15b993]
V  [jvm.dll+0x22501e]
V  [jvm.dll+0x15c31e]
V  [jvm.dll+0x15c4a6]
V  [jvm.dll+0x15c517]
V  [jvm.dll+0x10018f]
V  [jvm.dll+0x17f530]
V  [jvm.dll+0x17fdaa]
V  [jvm.dll+0x1c69e6]
C  [MSVCR100.dll+0x5c556]
C  [MSVCR100.dll+0x5c600]
C  [kernel32.dll+0x4ef3c]
C  [ntdll.dll+0x6360c]
C  [ntdll.dll+0x635df]
C  0x00000000


---------------  P R O C E S S  ---------------

Java Threads: ( => current thread )
=>0x2a983000 JavaThread "JDI Event Queue Timer" daemon [_thread_in_vm, id=8008, stack(0x2f6d0000,0x2f8d0000)]
  0x05588c00 JavaThread "AWT-EventQueue-0" [_thread_blocked, id=7768, stack(0x2c730000,0x2c930000)]
  0x2a981c00 JavaThread "BlueJ compiler thread" [_thread_blocked, id=4412, stack(0x38810000,0x38a10000)]
  0x2a982400 JavaThread "Disposer" daemon [_thread_blocked, id=5084, stack(0x382e0000,0x384e0000)]
  0x2a981800 JavaThread "pool-2-thread-8" [_thread_blocked, id=3864, stack(0x32cd0000,0x32ed0000)]
  0x2a981000 JavaThread "pool-2-thread-7" [_thread_blocked, id=3512, stack(0x32ad0000,0x32cd0000)]
  0x2a980800 JavaThread "pool-2-thread-6" [_thread_blocked, id=4264, stack(0x326a0000,0x328a0000)]
  0x2a980400 JavaThread "pool-2-thread-5" [_thread_blocked, id=3488, stack(0x324a0000,0x326a0000)]
  0x0558f800 JavaThread "pool-2-thread-4" [_thread_blocked, id=668, stack(0x322a0000,0x324a0000)]
  0x05589400 JavaThread "pool-2-thread-3" [_thread_blocked, id=5236, stack(0x320a0000,0x322a0000)]
  0x0558fc00 JavaThread "pool-2-thread-2" [_thread_blocked, id=5980, stack(0x31ea0000,0x320a0000)]
  0x0558a400 JavaThread "pool-2-thread-1" [_thread_blocked, id=2012, stack(0x2c930000,0x2cb30000)]
  0x0558f000 JavaThread "pool-3-thread-4" [_thread_blocked, id=2848, stack(0x30280000,0x30480000)]
  0x0558ec00 JavaThread "pool-3-thread-3" [_thread_blocked, id=5204, stack(0x30080000,0x30280000)]
  0x0558dc00 JavaThread "pool-3-thread-2" [_thread_blocked, id=1056, stack(0x2fe80000,0x30080000)]
  0x0558e400 JavaThread "pool-3-thread-1" [_thread_blocked, id=3856, stack(0x2fc80000,0x2fe80000)]
  0x0558d000 JavaThread "BlueJ I/O Handler" [_thread_blocked, id=5576, stack(0x2f1d0000,0x2f3d0000)]
  0x0558cc00 JavaThread "BlueJ I/O Handler" [_thread_in_native, id=5504, stack(0x2efd0000,0x2f1d0000)]
  0x0558c400 JavaThread "BlueJ I/O Handler" [_thread_in_native, id=4980, stack(0x2edd0000,0x2efd0000)]
  0x0558c000 JavaThread "JDI Target VM Interface" daemon [_thread_blocked, id=5368, stack(0x2ead0000,0x2ecd0000)]
  0x0558b800 JavaThread "JDI Internal Event Handler" daemon [_thread_blocked, id=892, stack(0x2e8d0000,0x2ead0000)]
  0x0558b000 JavaThread "Timer-0" [_thread_blocked, id=4560, stack(0x2e3d0000,0x2e5d0000)]
  0x0558ac00 JavaThread "Thread-11" [_thread_in_native, id=5012, stack(0x2ccc0000,0x2cec0000)]
  0x0558a000 JavaThread "AWT-Shutdown" [_thread_blocked, id=2256, stack(0x2ace0000,0x2aee0000)]
  0x05589800 JavaThread "TimerQueue" daemon [_thread_blocked, id=2232, stack(0x2a9e0000,0x2abe0000)]
  0x05567800 JavaThread "Prism Font Disposer" daemon [_thread_blocked, id=5564, stack(0x28f00000,0x29100000)]
  0x05462000 JavaThread "Thread-5" [_thread_blocked, id=476, stack(0x06a90000,0x06c90000)]
  0x05448000 JavaThread "AWT-Windows" daemon [_thread_in_native, id=4656, stack(0x06890000,0x06a90000)]
  0x05446000 JavaThread "Java2D Disposer" daemon [_thread_blocked, id=2852, stack(0x06490000,0x06690000)]
  0x05433400 JavaThread "Thread-3" daemon [_thread_blocked, id=2304, stack(0x05f80000,0x06180000)]
  0x05435800 JavaThread "JavaFX Application Thread" [_thread_blocked, id=2996, stack(0x05d80000,0x05f80000)]
  0x05435400 JavaThread "Thread-2" daemon [_thread_blocked, id=4720, stack(0x05b80000,0x05d80000)]
  0x041e2000 JavaThread "QuantumRenderer-0" daemon [_thread_blocked, id=2336, stack(0x05810000,0x05a10000)]
  0x0419e800 JavaThread "JavaFX-Launcher" [_thread_blocked, id=5116, stack(0x05210000,0x05410000)]
  0x040a2800 JavaThread "Service Thread" daemon [_thread_blocked, id=4588, stack(0x04e10000,0x05010000)]
  0x04067c00 JavaThread "C1 CompilerThread0" daemon [_thread_blocked, id=3108, stack(0x04c10000,0x04e10000)]
  0x04078000 JavaThread "Attach Listener" daemon [_thread_blocked, id=3000, stack(0x04a10000,0x04c10000)]
  0x04074c00 JavaThread "Signal Dispatcher" daemon [_thread_blocked, id=4104, stack(0x04810000,0x04a10000)]
  0x04057800 JavaThread "Finalizer" daemon [_thread_blocked, id=2056, stack(0x04610000,0x04810000)]
  0x04052400 JavaThread "Reference Handler" daemon [_thread_blocked, id=2300, stack(0x04410000,0x04610000)]
  0x01bac000 JavaThread "main" [_thread_blocked, id=4016, stack(0x00030000,0x00230000)]

Other Threads:
  0x0402a000 VMThread [stack: 0x04210000,0x04410000] [id=4228]
  0x04080400 WatcherThread [stack: 0x05010000,0x05210000] [id=5464]

VM state:synchronizing (normal execution)

VM Mutex/Monitor currently owned by a thread:  ([mutex/lock_event])
[0x01baa670] Threads_lock - owner thread: 0x0402a000

OutOfMemory and StackOverflow Exception counts:
OutOfMemoryError java_heap_errors=4

Heap:
 def new generation   total 152384K, used 123370K [0x07c00000, 0x12150000, 0x126a0000)
  eden space 135488K,  88% used [0x07c00000, 0x0f186008, 0x10050000)
  from space 16896K,  17% used [0x110d0000, 0x113c4b48, 0x12150000)
  to   space 16896K,   0% used [0x10050000, 0x10050000, 0x110d0000)
 tenured generation   total 338328K, used 219230K [0x126a0000, 0x27106000, 0x27c00000)
   the space 338328K,  64% used [0x126a0000, 0x1fcb7828, 0x1fcb7a00, 0x27106000)
 Metaspace       used 32128K, capacity 35022K, committed 35072K, reserved 35200K

Card table byte_map: [0x017e0000,0x018f0000] byte_map_base: 0x017a2000

Polling page: 0x00280000

CodeCache: size=32768Kb used=3686Kb max_used=6049Kb free=29081Kb
 bounds [0x01bb0000, 0x021b0000, 0x03bb0000]
 total_blobs=2795 nmethods=2337 adapters=387
 compilation: enabled

Compilation events (10 events):
Event: 15612.331 Thread 0x04067c00 28759             com.sun.javafx.css.StyleCacheEntry$Key::equals (190 bytes)
Event: 15612.333 Thread 0x04067c00 nmethod 28759 0x01d00c08 code [0x01d00d50, 0x01d00fec]
Event: 15613.062 Thread 0x04067c00 28760             com.sun.javafx.sg.prism.NGText::renderContent2D (355 bytes)
Event: 15613.068 Thread 0x04067c00 nmethod 28760 0x01d8ff08 code [0x01d900d0, 0x01d906c4]
Event: 15921.093 Thread 0x04067c00 28761             javafx.scene.Scene$TargetWrapper::setNodeResult (24 bytes)
Event: 15921.114 Thread 0x04067c00 nmethod 28761 0x01d8f348 code [0x01d8f450, 0x01d8f57c]
Event: 15922.626 Thread 0x04067c00 28762             java.nio.Bits::byteOrder (20 bytes)
Event: 15922.626 Thread 0x04067c00 nmethod 28762 0x01ea3248 code [0x01ea3340, 0x01ea33b0]
Event: 15923.468 Thread 0x04067c00 28763             javafx.scene.control.SkinBase::getSkinnable (5 bytes)
Event: 15923.468 Thread 0x04067c00 nmethod 28763 0x01eb2548 code [0x01eb2640, 0x01eb26c0]

GC Heap History (10 events):
Event: 13362.379 GC heap before
{Heap before GC invocations=120 (full 28):
 def new generation   total 134080K, used 126323K [0x07c00000, 0x10d70000, 0x126a0000)
  eden space 119232K, 100% used [0x07c00000, 0x0f070000, 0x0f070000)
  from space 14848K,  47% used [0x0f070000, 0x0f75cc68, 0x0fef0000)
  to   space 14848K,   0% used [0x0fef0000, 0x0fef0000, 0x10d70000)
 tenured generation   total 297600K, used 195166K [0x126a0000, 0x24940000, 0x27c00000)
   the space 297600K,  65% used [0x126a0000, 0x1e537b60, 0x1e537c00, 0x24940000)
 Metaspace       used 32016K, capacity 34918K, committed 34944K, reserved 35200K
Event: 13368.242 GC heap after
Heap after GC invocations=121 (full 28):
 def new generation   total 134080K, used 14848K [0x07c00000, 0x10d70000, 0x126a0000)
  eden space 119232K,   0% used [0x07c00000, 0x07c00000, 0x0f070000)
  from space 14848K, 100% used [0x0fef0000, 0x10d70000, 0x10d70000)
  to   space 14848K,   0% used [0x0f070000, 0x0f070000, 0x0fef0000)
 tenured generation   total 297600K, used 197441K [0x126a0000, 0x24940000, 0x27c00000)
   the space 297600K,  66% used [0x126a0000, 0x1e7705c8, 0x1e770600, 0x24940000)
 Metaspace       used 32016K, capacity 34918K, committed 34944K, reserved 35200K
}
Event: 13640.840 GC heap before
{Heap before GC invocations=121 (full 28):
 def new generation   total 134080K, used 92926K [0x07c00000, 0x10d70000, 0x126a0000)
  eden space 119232K,  65% used [0x07c00000, 0x0c83f838, 0x0f070000)
  from space 14848K, 100% used [0x0fef0000, 0x10d70000, 0x10d70000)
  to   space 14848K,   0% used [0x0f070000, 0x0f070000, 0x0fef0000)
 tenured generation   total 297600K, used 197441K [0x126a0000, 0x24940000, 0x27c00000)
   the space 297600K,  66% used [0x126a0000, 0x1e7705c8, 0x1e770600, 0x24940000)
 Metaspace       used 32062K, capacity 34958K, committed 35072K, reserved 35200K
Event: 13707.559 GC heap after
Heap after GC invocations=122 (full 29):
 def new generation   total 152384K, used 0K [0x07c00000, 0x12150000, 0x126a0000)
  eden space 135488K,   0% used [0x07c00000, 0x07c00000, 0x10050000)
  from space 16896K,   0% used [0x10050000, 0x10050000, 0x110d0000)
  to   space 16896K,   0% used [0x110d0000, 0x110d0000, 0x12150000)
 tenured generation   total 338328K, used 202995K [0x126a0000, 0x27106000, 0x27c00000)
   the space 338328K,  59% used [0x126a0000, 0x1ecdcc30, 0x1ecdce00, 0x27106000)
 Metaspace       used 32062K, capacity 34958K, committed 35072K, reserved 35200K
}
Event: 14223.879 GC heap before
{Heap before GC invocations=122 (full 29):
 def new generation   total 152384K, used 135488K [0x07c00000, 0x12150000, 0x126a0000)
  eden space 135488K, 100% used [0x07c00000, 0x10050000, 0x10050000)
  from space 16896K,   0% used [0x10050000, 0x10050000, 0x110d0000)
  to   space 16896K,   0% used [0x110d0000, 0x110d0000, 0x12150000)
 tenured generation   total 338328K, used 202995K [0x126a0000, 0x27106000, 0x27c00000)
   the space 338328K,  59% used [0x126a0000, 0x1ecdcc30, 0x1ecdce00, 0x27106000)
 Metaspace       used 32127K, capacity 35022K, committed 35072K, reserved 35200K
Event: 14224.006 GC heap after
Heap after GC invocations=123 (full 29):
 def new generation   total 152384K, used 16262K [0x07c00000, 0x12150000, 0x126a0000)
  eden space 135488K,   0% used [0x07c00000, 0x07c00000, 0x10050000)
  from space 16896K,  96% used [0x110d0000, 0x120b19e0, 0x12150000)
  to   space 16896K,   0% used [0x10050000, 0x10050000, 0x110d0000)
 tenured generation   total 338328K, used 202995K [0x126a0000, 0x27106000, 0x27c00000)
   the space 338328K,  59% used [0x126a0000, 0x1ecdcc30, 0x1ecdce00, 0x27106000)
 Metaspace       used 32127K, capacity 35022K, committed 35072K, reserved 35200K
}
Event: 14846.109 GC heap before
{Heap before GC invocations=123 (full 29):
 def new generation   total 152384K, used 151750K [0x07c00000, 0x12150000, 0x126a0000)
  eden space 135488K, 100% used [0x07c00000, 0x10050000, 0x10050000)
  from space 16896K,  96% used [0x110d0000, 0x120b19e0, 0x12150000)
  to   space 16896K,   0% used [0x10050000, 0x10050000, 0x110d0000)
 tenured generation   total 338328K, used 202995K [0x126a0000, 0x27106000, 0x27c00000)
   the space 338328K,  59% used [0x126a0000, 0x1ecdcc30, 0x1ecdce00, 0x27106000)
 Metaspace       used 32127K, capacity 35022K, committed 35072K, reserved 35200K
Event: 14846.265 GC heap after
Heap after GC invocations=124 (full 29):
 def new generation   total 152384K, used 0K [0x07c00000, 0x12150000, 0x126a0000)
  eden space 135488K,   0% used [0x07c00000, 0x07c00000, 0x10050000)
  from space 16896K,   0% used [0x10050000, 0x10050138, 0x110d0000)
  to   space 16896K,   0% used [0x110d0000, 0x110d0000, 0x12150000)
 tenured generation   total 338328K, used 219230K [0x126a0000, 0x27106000, 0x27c00000)
   the space 338328K,  64% used [0x126a0000, 0x1fcb7828, 0x1fcb7a00, 0x27106000)
 Metaspace       used 32127K, capacity 35022K, committed 35072K, reserved 35200K
}
Event: 15418.822 GC heap before
{Heap before GC invocations=124 (full 29):
 def new generation   total 152384K, used 135488K [0x07c00000, 0x12150000, 0x126a0000)
  eden space 135488K, 100% used [0x07c00000, 0x10050000, 0x10050000)
  from space 16896K,   0% used [0x10050000, 0x10050138, 0x110d0000)
  to   space 16896K,   0% used [0x110d0000, 0x110d0000, 0x12150000)
 tenured generation   total 338328K, used 219230K [0x126a0000, 0x27106000, 0x27c00000)
   the space 338328K,  64% used [0x126a0000, 0x1fcb7828, 0x1fcb7a00, 0x27106000)
 Metaspace       used 32127K, capacity 35022K, committed 35072K, reserved 35200K
Event: 15419.085 GC heap after
Heap after GC invocations=125 (full 29):
 def new generation   total 152384K, used 3026K [0x07c00000, 0x12150000, 0x126a0000)
  eden space 135488K,   0% used [0x07c00000, 0x07c00000, 0x10050000)
  from space 16896K,  17% used [0x110d0000, 0x113c4b48, 0x12150000)
  to   space 16896K,   0% used [0x10050000, 0x10050000, 0x110d0000)
 tenured generation   total 338328K, used 219230K [0x126a0000, 0x27106000, 0x27c00000)
   the space 338328K,  64% used [0x126a0000, 0x1fcb7828, 0x1fcb7a00, 0x27106000)
 Metaspace       used 32127K, capacity 35022K, committed 35072K, reserved 35200K
}

Deoptimization events (0 events):
No events

Classes redefined (0 events):
No events

Internal exceptions (10 events):
Event: 3383.523 Thread 0x05435800 Exception <a 'java/lang/ArrayIndexOutOfBoundsException'> (0x0a860540) thrown at [C:\re\workspace\8-2-build-windows-i586-cygwin\jdk8u202\12323\hotspot\src\share\vm\runtime\sharedRuntime.cpp, line 605]
Event: 13147.118 Thread 0x05435800 Exception <a 'java/io/FileNotFoundException'> (0x0e884d70) thrown at [C:\re\workspace\8-2-build-windows-i586-cygwin\jdk8u202\12323\hotspot\src\share\vm\prims\jni.cpp, line 710]
Event: 13578.257 Thread 0x041e2000 Exception <a 'java/lang/ArrayIndexOutOfBoundsException'> (0x0ae03050) thrown at [C:\re\workspace\8-2-build-windows-i586-cygwin\jdk8u202\12323\hotspot\src\share\vm\runtime\sharedRuntime.cpp, line 605]
Event: 13603.397 Thread 0x05435800 Exception <a 'java/lang/NullPointerException'> (0x0adf3f98) thrown at [C:\re\workspace\8-2-build-windows-i586-cygwin\jdk8u202\12323\hotspot\src\share\vm\prims\jvm.cpp, line 1506]
Event: 13621.446 Thread 0x2a981c00 Exception <a 'java/io/FileNotFoundException'> (0x0c467328) thrown at [C:\re\workspace\8-2-build-windows-i586-cygwin\jdk8u202\12323\hotspot\src\share\vm\prims\jni.cpp, line 710]
Event: 13621.963 Thread 0x2a981c00 Exception <a 'java/io/FileNotFoundException'> (0x0c468960) thrown at [C:\re\workspace\8-2-build-windows-i586-cygwin\jdk8u202\12323\hotspot\src\share\vm\prims\jni.cpp, line 710]
Event: 15613.598 Thread 0x041e2000 Exception <a 'java/lang/OutOfMemoryError'> (0x0aeed800) thrown at [C:\re\workspace\8-2-build-windows-i586-cygwin\jdk8u202\12323\hotspot\src\share\vm\prims\unsafe.cpp, line 618]
Event: 15921.792 Thread 0x041e2000 Exception <a 'java/lang/OutOfMemoryError'> (0x0aef3be0) thrown at [C:\re\workspace\8-2-build-windows-i586-cygwin\jdk8u202\12323\hotspot\src\share\vm\prims\unsafe.cpp, line 618]
Event: 15921.942 Thread 0x041e2000 Exception <a 'java/lang/OutOfMemoryError'> (0x0aef8698) thrown at [C:\re\workspace\8-2-build-windows-i586-cygwin\jdk8u202\12323\hotspot\src\share\vm\prims\unsafe.cpp, line 618]
Event: 15923.569 Thread 0x0558d800 Exception <a 'java/lang/OutOfMemoryError': unable to create new native thread> (0x0f164910) thrown at [C:\re\workspace\8-2-build-windows-i586-cygwin\jdk8u202\12323\hotspot\src\share\vm\prims\jvm.cpp, line 3141]

Events (10 events):
Event: 15922.659 Thread 0x04067c00 flushing nmethod 0x021226c8
Event: 15922.659 Thread 0x04067c00 flushing nmethod 0x02122ac8
Event: 15923.469 Thread 0x04067c00 flushing nmethod 0x01c6c748
Event: 15923.469 Thread 0x04067c00 flushing nmethod 0x01c6e148
Event: 15923.469 Thread 0x04067c00 flushing nmethod 0x01c70ec8
Event: 15923.469 Thread 0x04067c00 flushing nmethod 0x01c71088
Event: 15923.470 Thread 0x04067c00 flushing nmethod 0x01d03788
Event: 15923.470 Thread 0x04067c00 flushing nmethod 0x01d07348
Event: 15923.566 Thread 0x2a983000 Thread added: 0x2a983000
Event: 15923.599 Thread 0x0558d800 Thread exited: 0x0558d800


Dynamic libraries:
0x00400000 - 0x00497000 	C:\Program Files\Greenfoot\Greenfoot.exe
0x76e50000 - 0x76f92000 	C:\Windows\SYSTEM32\ntdll.dll
0x75310000 - 0x753e5000 	C:\Windows\system32\kernel32.dll
0x74c10000 - 0x74c5b000 	C:\Windows\system32\KERNELBASE.dll
0x76690000 - 0x76731000 	C:\Windows\system32\ADVAPI32.DLL
0x75150000 - 0x751fc000 	C:\Windows\system32\msvcrt.dll
0x75200000 - 0x75219000 	C:\Windows\SYSTEM32\sechost.dll
0x750a0000 - 0x75142000 	C:\Windows\system32\RPCRT4.dll
0x759c0000 - 0x75a3b000 	C:\Windows\system32\COMDLG32.DLL
0x76780000 - 0x767d7000 	C:\Windows\system32\SHLWAPI.dll
0x76fa0000 - 0x76fee000 	C:\Windows\system32\GDI32.dll
0x76d80000 - 0x76e49000 	C:\Windows\system32\USER32.dll
0x76ff0000 - 0x76ffa000 	C:\Windows\system32\LPK.dll
0x753f0000 - 0x7548d000 	C:\Windows\system32\USP10.dll
0x72100000 - 0x72184000 	C:\Windows\WinSxS\x86_microsoft.windows.common-controls_6595b64144ccf1df_5.82.7601.18837_none_ec86b8d6858ec0bc\COMCTL32.dll
0x75a40000 - 0x7668c000 	C:\Windows\system32\SHELL32.dll
0x74050000 - 0x74059000 	C:\Windows\system32\VERSION.dll
0x75220000 - 0x7523f000 	C:\Windows\system32\IMM32.DLL
0x75240000 - 0x7530e000 	C:\Windows\system32\MSCTF.dll
0x07790000 - 0x07b65000 	C:\Program Files\Greenfoot\jdk\jre\bin\client\jvm.dll
0x69a10000 - 0x69a17000 	C:\Windows\system32\WSOCK32.dll
0x76740000 - 0x76775000 	C:\Windows\system32\WS2_32.dll
0x77000000 - 0x77006000 	C:\Windows\system32\NSI.dll
0x6dba0000 - 0x6dbd2000 	C:\Windows\system32\WINMM.dll
0x75490000 - 0x75495000 	C:\Windows\system32\PSAPI.DLL
0x512d0000 - 0x5138f000 	C:\Program Files\Greenfoot\jdk\jre\bin\MSVCR100.dll
0x736d0000 - 0x736dc000 	C:\Program Files\Greenfoot\jdk\jre\bin\verify.dll
0x69390000 - 0x693b1000 	C:\Program Files\Greenfoot\jdk\jre\bin\java.dll
0x69370000 - 0x69384000 	C:\Program Files\Greenfoot\jdk\jre\bin\zip.dll
0x76c20000 - 0x76d7f000 	C:\Windows\system32\ole32.dll
0x74bd0000 - 0x74bdb000 	C:\Windows\system32\profapi.dll
0x69360000 - 0x69363000 	C:\Program Files\Greenfoot\jdk\jre\bin\api-ms-win-core-console-l1-1-0.dll
0x69350000 - 0x69353000 	C:\Program Files\Greenfoot\jdk\jre\bin\api-ms-win-core-datetime-l1-1-0.dll
0x69340000 - 0x69343000 	C:\Program Files\Greenfoot\jdk\jre\bin\api-ms-win-core-debug-l1-1-0.dll
0x62b20000 - 0x62b23000 	C:\Program Files\Greenfoot\jdk\jre\bin\api-ms-win-core-errorhandling-l1-1-0.dll
0x62b10000 - 0x62b14000 	C:\Program Files\Greenfoot\jdk\jre\bin\api-ms-win-core-file-l1-1-0.dll
0x60830000 - 0x60833000 	C:\Program Files\Greenfoot\jdk\jre\bin\api-ms-win-core-file-l1-2-0.dll
0x60820000 - 0x60823000 	C:\Program Files\Greenfoot\jdk\jre\bin\api-ms-win-core-file-l2-1-0.dll
0x5da00000 - 0x5da03000 	C:\Program Files\Greenfoot\jdk\jre\bin\api-ms-win-core-handle-l1-1-0.dll
0x5d9f0000 - 0x5d9f3000 	C:\Program Files\Greenfoot\jdk\jre\bin\api-ms-win-core-heap-l1-1-0.dll
0x5d9e0000 - 0x5d9e3000 	C:\Program Files\Greenfoot\jdk\jre\bin\api-ms-win-core-interlocked-l1-1-0.dll
0x5d540000 - 0x5d543000 	C:\Program Files\Greenfoot\jdk\jre\bin\api-ms-win-core-libraryloader-l1-1-0.dll
0x5d220000 - 0x5d223000 	C:\Program Files\Greenfoot\jdk\jre\bin\api-ms-win-core-localization-l1-2-0.dll
0x5d210000 - 0x5d213000 	C:\Program Files\Greenfoot\jdk\jre\bin\api-ms-win-core-memory-l1-1-0.dll
0x5d200000 - 0x5d203000 	C:\Program Files\Greenfoot\jdk\jre\bin\api-ms-win-core-namedpipe-l1-1-0.dll
0x5a5f0000 - 0x5a5f3000 	C:\Program Files\Greenfoot\jdk\jre\bin\api-ms-win-core-processenvironment-l1-1-0.dll
0x58370000 - 0x58373000 	C:\Program Files\Greenfoot\jdk\jre\bin\api-ms-win-core-processthreads-l1-1-0.dll
0x58360000 - 0x58363000 	C:\Program Files\Greenfoot\jdk\jre\bin\api-ms-win-core-processthreads-l1-1-1.dll
0x58350000 - 0x58353000 	C:\Program Files\Greenfoot\jdk\jre\bin\api-ms-win-core-profile-l1-1-0.dll
0x512c0000 - 0x512c3000 	C:\Program Files\Greenfoot\jdk\jre\bin\api-ms-win-core-rtlsupport-l1-1-0.dll
0x512b0000 - 0x512b3000 	C:\Program Files\Greenfoot\jdk\jre\bin\api-ms-win-core-string-l1-1-0.dll
0x512a0000 - 0x512a3000 	C:\Program Files\Greenfoot\jdk\jre\bin\api-ms-win-core-synch-l1-1-0.dll
0x51290000 - 0x51293000 	C:\Program Files\Greenfoot\jdk\jre\bin\api-ms-win-core-synch-l1-2-0.dll
0x51280000 - 0x51283000 	C:\Program Files\Greenfoot\jdk\jre\bin\api-ms-win-core-sysinfo-l1-1-0.dll
0x51270000 - 0x51273000 	C:\Program Files\Greenfoot\jdk\jre\bin\api-ms-win-core-timezone-l1-1-0.dll
0x51260000 - 0x51263000 	C:\Program Files\Greenfoot\jdk\jre\bin\api-ms-win-core-util-l1-1-0.dll
0x50180000 - 0x50183000 	C:\Program Files\Greenfoot\jdk\jre\bin\api-ms-win-crt-conio-l1-1-0.dll
0x50170000 - 0x50174000 	C:\Program Files\Greenfoot\jdk\jre\bin\api-ms-win-crt-convert-l1-1-0.dll
0x50160000 - 0x50163000 	C:\Program Files\Greenfoot\jdk\jre\bin\api-ms-win-crt-environment-l1-1-0.dll
0x50150000 - 0x50153000 	C:\Program Files\Greenfoot\jdk\jre\bin\api-ms-win-crt-filesystem-l1-1-0.dll
0x50140000 - 0x50143000 	C:\Program Files\Greenfoot\jdk\jre\bin\api-ms-win-crt-heap-l1-1-0.dll
0x50130000 - 0x50133000 	C:\Program Files\Greenfoot\jdk\jre\bin\api-ms-win-crt-locale-l1-1-0.dll
0x50120000 - 0x50125000 	C:\Program Files\Greenfoot\jdk\jre\bin\api-ms-win-crt-math-l1-1-0.dll
0x50110000 - 0x50115000 	C:\Program Files\Greenfoot\jdk\jre\bin\api-ms-win-crt-multibyte-l1-1-0.dll
0x50100000 - 0x50110000 	C:\Program Files\Greenfoot\jdk\jre\bin\api-ms-win-crt-private-l1-1-0.dll
0x500f0000 - 0x500f3000 	C:\Program Files\Greenfoot\jdk\jre\bin\api-ms-win-crt-process-l1-1-0.dll
0x500e0000 - 0x500e4000 	C:\Program Files\Greenfoot\jdk\jre\bin\api-ms-win-crt-runtime-l1-1-0.dll
0x500d0000 - 0x500d4000 	C:\Program Files\Greenfoot\jdk\jre\bin\api-ms-win-crt-stdio-l1-1-0.dll
0x500c0000 - 0x500c4000 	C:\Program Files\Greenfoot\jdk\jre\bin\api-ms-win-crt-string-l1-1-0.dll
0x500b0000 - 0x500b3000 	C:\Program Files\Greenfoot\jdk\jre\bin\api-ms-win-crt-time-l1-1-0.dll
0x500a0000 - 0x500a3000 	C:\Program Files\Greenfoot\jdk\jre\bin\api-ms-win-crt-utility-l1-1-0.dll
0x77130000 - 0x77248000 	C:\Program Files\Greenfoot\jdk\jre\bin\ucrtbase.dll
0x50080000 - 0x50094000 	C:\Program Files\Greenfoot\jdk\jre\bin\vcruntime140.dll
0x01480000 - 0x014ec000 	C:\Program Files\Greenfoot\jdk\jre\bin\msvcp140.dll
0x770f0000 - 0x7712b000 	C:\Program Files\Greenfoot\jdk\jre\bin\concrt140.dll
0x50060000 - 0x5007f000 	C:\Program Files\Greenfoot\jdk\jre\bin\prism_d3d.dll
0x62140000 - 0x62303000 	C:\Windows\system32\d3d9.dll
0x62e20000 - 0x62e26000 	C:\Windows\system32\d3d8thk.dll
0x73670000 - 0x73683000 	C:\Windows\system32\dwmapi.dll
0x73740000 - 0x73780000 	C:\Windows\system32\uxtheme.dll
0x003c0000 - 0x003d9000 	C:\Program Files\Greenfoot\jdk\jre\bin\prism_sw.dll
0x05a10000 - 0x05a48000 	C:\Program Files\Greenfoot\jdk\jre\bin\glass.dll
0x767e0000 - 0x76872000 	C:\Windows\system32\OLEAUT32.dll
0x74af0000 - 0x74afc000 	C:\Windows\system32\CRYPTBASE.dll
0x06180000 - 0x062c7000 	C:\Program Files\Greenfoot\jdk\jre\bin\awt.dll
0x50050000 - 0x50060000 	C:\Program Files\Greenfoot\jdk\jre\bin\javafx_font.dll
0x628d0000 - 0x62a06000 	C:\Windows\system32\dwrite.dll
0x754f0000 - 0x75573000 	C:\Windows\system32\CLBCatQ.DLL
0x73ae0000 - 0x73c7e000 	C:\Windows\WinSxS\x86_microsoft.windows.common-controls_6595b64144ccf1df_6.0.7601.24483_none_2b200f664577e14b\comctl32.dll
0x72f70000 - 0x730a1000 	C:\Windows\system32\WindowsCodecs.dll
0x74a70000 - 0x74abc000 	C:\Windows\system32\apphelp.dll
0x6e4b0000 - 0x6e4e1000 	C:\Windows\system32\EhStorShell.dll
0x74f00000 - 0x7509d000 	C:\Windows\system32\SETUPAPI.dll
0x74c60000 - 0x74c87000 	C:\Windows\system32\CFGMGR32.dll
0x74d90000 - 0x74da2000 	C:\Windows\system32\DEVOBJ.dll
0x738b0000 - 0x739a5000 	C:\Windows\system32\PROPSYS.dll
0x6d790000 - 0x6db9b000 	C:\PROGRA~1\MICROS~2\Office14\GROOVEEX.DLL
0x71c80000 - 0x71d23000 	C:\Windows\WinSxS\x86_microsoft.vc90.crt_1fc8b3b9a1e18e3b_9.0.30729.4940_none_50916076bcb9a742\MSVCR90.dll
0x6ddc0000 - 0x6de4e000 	C:\Windows\WinSxS\x86_microsoft.vc90.crt_1fc8b3b9a1e18e3b_9.0.30729.4940_none_50916076bcb9a742\MSVCP90.dll
0x6dd90000 - 0x6ddbb000 	C:\Windows\WinSxS\x86_microsoft.vc90.atl_1fc8b3b9a1e18e3b_9.0.30729.4148_none_51ca66a2bbe76806\ATL90.DLL
0x6d380000 - 0x6d78f000 	C:\PROGRA~1\COMMON~1\MICROS~1\OFFICE14\Cultures\office.odf
0x6cb10000 - 0x6d374000 	C:\PROGRA~1\MICROS~2\Office14\1033\GrooveIntlResource.dll
0x6dd00000 - 0x6dd07000 	C:\Program Files\Tonec\IDMShellExt.dll
0x6dc40000 - 0x6dcaa000 	C:\Windows\System32\cscui.dll
0x6dc30000 - 0x6dc39000 	C:\Windows\System32\CSCDLL.dll
0x6dc20000 - 0x6dc2b000 	C:\Windows\system32\CSCAPI.dll
0x6c9b0000 - 0x6ca20000 	C:\Windows\system32\ntshrui.dll
0x749c0000 - 0x749d9000 	C:\Windows\system32\srvcli.dll
0x730b0000 - 0x730ba000 	C:\Windows\system32\slc.dll
0x05a90000 - 0x05ab1000 	C:\Program Files\Common Files\Microsoft Shared\Ink\rtscom.dll
0x07140000 - 0x07148000 	C:\Program Files\Tonec\idmmkb.dll
0x07150000 - 0x07165000 	C:\Program Files\Greenfoot\jdk\jre\bin\net.dll
0x76880000 - 0x769cf000 	C:\Windows\system32\urlmon.dll
0x74bf0000 - 0x74bf4000 	C:\Windows\system32\api-ms-win-downlevel-ole32-l1-1-0.dll
0x74c00000 - 0x74c04000 	C:\Windows\system32\api-ms-win-downlevel-shlwapi-l1-1-0.dll
0x74ca0000 - 0x74ca5000 	C:\Windows\system32\api-ms-win-downlevel-advapi32-l1-1-0.dll
0x74db0000 - 0x74db4000 	C:\Windows\system32\api-ms-win-downlevel-user32-l1-1-0.dll
0x74c90000 - 0x74c94000 	C:\Windows\system32\api-ms-win-downlevel-version-l1-1-0.dll
0x74ef0000 - 0x74ef3000 	C:\Windows\system32\api-ms-win-downlevel-normaliz-l1-1-0.dll
0x769d0000 - 0x769d3000 	C:\Windows\system32\normaliz.DLL
0x769e0000 - 0x76c18000 	C:\Windows\system32\iertutil.dll
0x75580000 - 0x759b7000 	C:\Windows\system32\WININET.dll
0x74cb0000 - 0x74cc9000 	C:\Windows\system32\USERENV.dll
0x74550000 - 0x7458c000 	C:\Windows\system32\mswsock.dll
0x74540000 - 0x74546000 	C:\Windows\System32\wship6.dll
0x740e0000 - 0x740e5000 	C:\Windows\System32\wshtcpip.dll
0x74410000 - 0x74454000 	C:\Windows\system32\DNSAPI.dll
0x72f20000 - 0x72f3c000 	C:\Windows\system32\IPHLPAPI.DLL

VM Arguments:
jvm_args: -Xmx512M -Djavafx.embed.singleThread=true 
java_command: <unknown>
java_class_path (initial): C:\Program Files\Greenfoot\lib\bluej.jar;C:\Program Files\Greenfoot\jdk\lib\tools.jar
Launcher Type: generic

Environment Variables:
PATH=C:\Program Files\Common Files\Oracle\Java\javapath;C:\Windows\system32;C:\Windows;C:\Windows\System32\Wbem;C:\Windows\System32\WindowsPowerShell\v1.0\;;C:\Users\ASUS\AppData\Local\Programs\Microsoft VS Code\bin
USERNAME=ASUS
OS=Windows_NT
PROCESSOR_IDENTIFIER=x86 Family 6 Model 28 Stepping 10, GenuineIntel



---------------  S Y S T E M  ---------------

OS: Windows 7 Build 7601 (6.1.7601.24545)

CPU:total 4 (initial active 4) (2 cores per cpu, 2 threads per core) family 6 model 28 stepping 10, cmov, cx8, fxsr, mmx, sse, sse2, sse3, ssse3, ht, tsc

Memory: 4k page, physical 1038456k(118920k free), swap 5232760k(2248k free)

vm_info: Java HotSpot(TM) Client VM (25.202-b08) for windows-x86 JRE (1.8.0_202-b08), built on Dec 15 2018 20:01:43 by "java_re" with MS VC++ 10.0 (VS2010)

time: Wed Jan 15 23:33:35 2020
timezone: SE Asia Standard Time
elapsed time: 15924 seconds (0d 4h 25m 24s)

